Sun 07 Dec 2025 10:34:56 INFO  ['/scratch/jd5316/Capstone/Capstone/notebooks/train_lightgcn_baseline']
Sun 07 Dec 2025 10:34:56 INFO  
General Hyper Parameters:
gpu_id = 0
use_gpu = True
seed = 2020
state = INFO
reproducibility = True
data_path = /scratch/jd5316/Capstone/Capstone/Data/recbole_data/my_data_set
checkpoint_dir = /scratch/jd5316/Capstone/Capstone/checkpoints/
show_progress = True
save_dataset = False
dataset_save_path = None
save_dataloaders = False
dataloaders_save_path = None
log_wandb = False

Training Hyper Parameters:
epochs = 40
train_batch_size = 2048
learner = adam
learning_rate = 0.001
train_neg_sample_args = {'distribution': 'uniform', 'sample_num': 1, 'alpha': 1.0, 'dynamic': False, 'candidate_num': 0}
eval_step = 1
stopping_step = 5
clip_grad_norm = None
weight_decay = 0.0
loss_decimal_place = 4

Evaluation Hyper Parameters:
eval_args = {'split': {'RS': [0.8, 0.1, 0.1]}, 'order': 'RO', 'group_by': 'user', 'mode': {'valid': 'full', 'test': 'full'}}
repeatable = False
metrics = ['Recall', 'MRR', 'NDCG', 'Hit', 'Precision']
topk = [10, 20, 50, 100]
valid_metric = MRR@10
valid_metric_bigger = True
eval_batch_size = 2048
metric_decimal_place = 4

Dataset Hyper Parameters:
field_separator = ,
seq_separator =  
USER_ID_FIELD = user_id
ITEM_ID_FIELD = item_id
RATING_FIELD = rating
TIME_FIELD = timestamp
seq_len = None
LABEL_FIELD = label
threshold = None
NEG_PREFIX = neg_
load_col = {'inter': ['user_id', 'item_id']}
unload_col = None
unused_col = None
additional_feat_suffix = None
rm_dup_inter = None
val_interval = None
filter_inter_by_user_or_item = True
user_inter_num_interval = [0,inf)
item_inter_num_interval = [0,inf)
alias_of_user_id = None
alias_of_item_id = None
alias_of_entity_id = None
alias_of_relation_id = None
preload_weight = None
normalize_field = None
normalize_all = None
ITEM_LIST_LENGTH_FIELD = item_length
LIST_SUFFIX = _list
MAX_ITEM_LIST_LENGTH = 50
POSITION_FIELD = position_id
HEAD_ENTITY_ID_FIELD = head_id
TAIL_ENTITY_ID_FIELD = tail_id
RELATION_ID_FIELD = relation_id
ENTITY_ID_FIELD = entity_id
benchmark_filename = None

Other Hyper Parameters: 
worker = 0
wandb_project = recbole
shuffle = True
require_pow = False
enable_amp = False
enable_scaler = False
transform = None
embedding_size = 64
n_layers = 2
reg_weight = 1e-05
numerical_features = []
discretization = None
kg_reverse_r = False
entity_kg_num_interval = [0,inf)
relation_kg_num_interval = [0,inf)
MODEL_TYPE = ModelType.GENERAL
neg_sampling = {'uniform': 1}
save_model = True
save_step = 1
resume = False
MODEL_INPUT_TYPE = InputType.PAIRWISE
eval_type = EvaluatorType.RANKING
single_spec = True
local_rank = 0
device = cuda
valid_neg_sample_args = {'distribution': 'uniform', 'sample_num': 'none'}
test_neg_sample_args = {'distribution': 'uniform', 'sample_num': 'none'}


Sun 07 Dec 2025 10:34:58 INFO  my_data_set
The number of users: 8001
Average actions of users: 107.512
The number of items: 24070
Average actions of items: 35.73459636877311
The number of inters: 860096
The sparsity of the dataset: 99.5533919290417%
Remain Fields: ['user_id', 'item_id']
Sun 07 Dec 2025 10:35:00 INFO  [Training]: train_batch_size = [2048] train_neg_sample_args: [{'distribution': 'uniform', 'sample_num': 1, 'alpha': 1.0, 'dynamic': False, 'candidate_num': 0}]
Sun 07 Dec 2025 10:35:00 INFO  [Evaluation]: eval_batch_size = [2048] eval_args: [{'split': {'RS': [0.8, 0.1, 0.1]}, 'order': 'RO', 'group_by': 'user', 'mode': {'valid': 'full', 'test': 'full'}}]
Sun 07 Dec 2025 10:35:02 INFO  LightGCN(
  (user_embedding): Embedding(8001, 64)
  (item_embedding): Embedding(24070, 64)
  (mf_loss): BPRLoss()
  (reg_loss): EmbLoss()
)
Trainable parameters: 2052544
Sun 07 Dec 2025 10:35:03 INFO  FLOPs: 0.0
Sun 07 Dec 2025 10:35:25 INFO  epoch 0 training [time: 9.78s, train loss: 156.7931]
Sun 07 Dec 2025 10:35:33 INFO  epoch 0 evaluating [time: 8.27s, valid_score: 0.061400]
Sun 07 Dec 2025 10:35:33 INFO  valid result: 
recall@10 : 0.0176    recall@20 : 0.0304    recall@50 : 0.0606    recall@100 : 0.1037    mrr@10 : 0.0614    mrr@20 : 0.0671    mrr@50 : 0.0719    mrr@100 : 0.0739    ndcg@10 : 0.0216    ndcg@20 : 0.027    ndcg@50 : 0.0398    ndcg@100 : 0.0552    hit@10 : 0.1531    hit@20 : 0.2379    hit@50 : 0.3928    hit@100 : 0.5285    precision@10 : 0.018    precision@20 : 0.0155    precision@50 : 0.0125    precision@100 : 0.0107
Sun 07 Dec 2025 10:35:33 INFO  Saving current: /scratch/jd5316/Capstone/Capstone/checkpoints/LightGCN-Dec-07-2025_10-35-03.pth
Sun 07 Dec 2025 10:35:42 INFO  epoch 1 training [time: 8.52s, train loss: 103.5993]
Sun 07 Dec 2025 10:35:50 INFO  epoch 1 evaluating [time: 8.29s, valid_score: 0.063400]
Sun 07 Dec 2025 10:35:50 INFO  valid result: 
recall@10 : 0.0191    recall@20 : 0.0315    recall@50 : 0.0651    recall@100 : 0.1072    mrr@10 : 0.0634    mrr@20 : 0.069    mrr@50 : 0.0742    mrr@100 : 0.0761    ndcg@10 : 0.0229    ndcg@20 : 0.028    ndcg@50 : 0.0423    ndcg@100 : 0.0573    hit@10 : 0.1632    hit@20 : 0.2476    hit@50 : 0.4116    hit@100 : 0.5438    precision@10 : 0.0195    precision@20 : 0.0162    precision@50 : 0.0133    precision@100 : 0.011
Sun 07 Dec 2025 10:35:50 INFO  Saving current: /scratch/jd5316/Capstone/Capstone/checkpoints/LightGCN-Dec-07-2025_10-35-03.pth
Sun 07 Dec 2025 10:35:59 INFO  epoch 2 training [time: 8.43s, train loss: 96.6017]
Sun 07 Dec 2025 10:36:07 INFO  epoch 2 evaluating [time: 8.14s, valid_score: 0.067000]
Sun 07 Dec 2025 10:36:07 INFO  valid result: 
recall@10 : 0.0207    recall@20 : 0.0349    recall@50 : 0.07    recall@100 : 0.1133    mrr@10 : 0.067    mrr@20 : 0.0731    mrr@50 : 0.0781    mrr@100 : 0.08    ndcg@10 : 0.0245    ndcg@20 : 0.0305    ndcg@50 : 0.0455    ndcg@100 : 0.0609    hit@10 : 0.1749    hit@20 : 0.2648    hit@50 : 0.4256    hit@100 : 0.5589    precision@10 : 0.0211    precision@20 : 0.0178    precision@50 : 0.0143    precision@100 : 0.0116
Sun 07 Dec 2025 10:36:07 INFO  Saving current: /scratch/jd5316/Capstone/Capstone/checkpoints/LightGCN-Dec-07-2025_10-35-03.pth
Sun 07 Dec 2025 10:36:15 INFO  epoch 3 training [time: 8.44s, train loss: 91.2045]
Sun 07 Dec 2025 10:36:24 INFO  epoch 3 evaluating [time: 8.35s, valid_score: 0.072100]
Sun 07 Dec 2025 10:36:24 INFO  valid result: 
recall@10 : 0.0227    recall@20 : 0.038    recall@50 : 0.077    recall@100 : 0.1219    mrr@10 : 0.0721    mrr@20 : 0.0783    mrr@50 : 0.0835    mrr@100 : 0.0854    ndcg@10 : 0.0267    ndcg@20 : 0.0332    ndcg@50 : 0.0499    ndcg@100 : 0.0658    hit@10 : 0.1881    hit@20 : 0.2781    hit@50 : 0.4416    hit@100 : 0.5759    precision@10 : 0.023    precision@20 : 0.0194    precision@50 : 0.0157    precision@100 : 0.0125
Sun 07 Dec 2025 10:36:24 INFO  Saving current: /scratch/jd5316/Capstone/Capstone/checkpoints/LightGCN-Dec-07-2025_10-35-03.pth
Sun 07 Dec 2025 10:36:32 INFO  epoch 4 training [time: 8.62s, train loss: 87.5500]
Sun 07 Dec 2025 10:36:41 INFO  epoch 4 evaluating [time: 8.23s, valid_score: 0.076300]
Sun 07 Dec 2025 10:36:41 INFO  valid result: 
recall@10 : 0.0249    recall@20 : 0.043    recall@50 : 0.0827    recall@100 : 0.13    mrr@10 : 0.0763    mrr@20 : 0.0829    mrr@50 : 0.088    mrr@100 : 0.0899    ndcg@10 : 0.0289    ndcg@20 : 0.0369    ndcg@50 : 0.0539    ndcg@100 : 0.0707    hit@10 : 0.1995    hit@20 : 0.2959    hit@50 : 0.4558    hit@100 : 0.5905    precision@10 : 0.0252    precision@20 : 0.0219    precision@50 : 0.0169    precision@100 : 0.0133
Sun 07 Dec 2025 10:36:41 INFO  Saving current: /scratch/jd5316/Capstone/Capstone/checkpoints/LightGCN-Dec-07-2025_10-35-03.pth
Sun 07 Dec 2025 10:36:49 INFO  epoch 5 training [time: 8.44s, train loss: 84.2164]
Sun 07 Dec 2025 10:36:57 INFO  epoch 5 evaluating [time: 8.05s, valid_score: 0.080800]
Sun 07 Dec 2025 10:36:57 INFO  valid result: 
recall@10 : 0.0269    recall@20 : 0.0466    recall@50 : 0.0888    recall@100 : 0.1365    mrr@10 : 0.0808    mrr@20 : 0.0877    mrr@50 : 0.0927    mrr@100 : 0.0947    ndcg@10 : 0.0312    ndcg@20 : 0.0398    ndcg@50 : 0.058    ndcg@100 : 0.0749    hit@10 : 0.2072    hit@20 : 0.3076    hit@50 : 0.4618    hit@100 : 0.5984    precision@10 : 0.0271    precision@20 : 0.0236    precision@50 : 0.0181    precision@100 : 0.014
Sun 07 Dec 2025 10:36:57 INFO  Saving current: /scratch/jd5316/Capstone/Capstone/checkpoints/LightGCN-Dec-07-2025_10-35-03.pth
Sun 07 Dec 2025 10:37:06 INFO  epoch 6 training [time: 8.46s, train loss: 81.5259]
Sun 07 Dec 2025 10:37:14 INFO  epoch 6 evaluating [time: 8.16s, valid_score: 0.088700]
Sun 07 Dec 2025 10:37:14 INFO  valid result: 
recall@10 : 0.0293    recall@20 : 0.0506    recall@50 : 0.0939    recall@100 : 0.1428    mrr@10 : 0.0887    mrr@20 : 0.0956    mrr@50 : 0.1006    mrr@100 : 0.1026    ndcg@10 : 0.0346    ndcg@20 : 0.0439    ndcg@50 : 0.0625    ndcg@100 : 0.0799    hit@10 : 0.2188    hit@20 : 0.3201    hit@50 : 0.4752    hit@100 : 0.6134    precision@10 : 0.0297    precision@20 : 0.0255    precision@50 : 0.0191    precision@100 : 0.0146
Sun 07 Dec 2025 10:37:14 INFO  Saving current: /scratch/jd5316/Capstone/Capstone/checkpoints/LightGCN-Dec-07-2025_10-35-03.pth
Sun 07 Dec 2025 10:37:23 INFO  epoch 7 training [time: 8.49s, train loss: 79.4660]
Sun 07 Dec 2025 10:37:31 INFO  epoch 7 evaluating [time: 8.06s, valid_score: 0.096000]
Sun 07 Dec 2025 10:37:31 INFO  valid result: 
recall@10 : 0.0323    recall@20 : 0.0543    recall@50 : 0.0985    recall@100 : 0.1477    mrr@10 : 0.096    mrr@20 : 0.1029    mrr@50 : 0.108    mrr@100 : 0.1099    ndcg@10 : 0.0382    ndcg@20 : 0.0478    ndcg@50 : 0.0668    ndcg@100 : 0.0843    hit@10 : 0.2264    hit@20 : 0.3275    hit@50 : 0.4864    hit@100 : 0.6224    precision@10 : 0.0324    precision@20 : 0.0275    precision@50 : 0.0201    precision@100 : 0.0151
Sun 07 Dec 2025 10:37:31 INFO  Saving current: /scratch/jd5316/Capstone/Capstone/checkpoints/LightGCN-Dec-07-2025_10-35-03.pth
Sun 07 Dec 2025 10:37:39 INFO  epoch 8 training [time: 8.43s, train loss: 77.0975]
Sun 07 Dec 2025 10:37:47 INFO  epoch 8 evaluating [time: 8.08s, valid_score: 0.101700]
Sun 07 Dec 2025 10:37:47 INFO  valid result: 
recall@10 : 0.0344    recall@20 : 0.0566    recall@50 : 0.1027    recall@100 : 0.1529    mrr@10 : 0.1017    mrr@20 : 0.1085    mrr@50 : 0.1138    mrr@100 : 0.1158    ndcg@10 : 0.041    ndcg@20 : 0.0505    ndcg@50 : 0.0703    ndcg@100 : 0.0881    hit@10 : 0.2339    hit@20 : 0.3325    hit@50 : 0.4976    hit@100 : 0.6318    precision@10 : 0.0346    precision@20 : 0.0285    precision@50 : 0.0209    precision@100 : 0.0156
Sun 07 Dec 2025 10:37:47 INFO  Saving current: /scratch/jd5316/Capstone/Capstone/checkpoints/LightGCN-Dec-07-2025_10-35-03.pth
Sun 07 Dec 2025 10:37:56 INFO  epoch 9 training [time: 8.47s, train loss: 75.5972]
Sun 07 Dec 2025 10:38:04 INFO  epoch 9 evaluating [time: 8.09s, valid_score: 0.105500]
Sun 07 Dec 2025 10:38:04 INFO  valid result: 
recall@10 : 0.0359    recall@20 : 0.0584    recall@50 : 0.1064    recall@100 : 0.1595    mrr@10 : 0.1055    mrr@20 : 0.112    mrr@50 : 0.1174    mrr@100 : 0.1193    ndcg@10 : 0.0428    ndcg@20 : 0.0523    ndcg@50 : 0.0729    ndcg@100 : 0.0917    hit@10 : 0.2436    hit@20 : 0.3375    hit@50 : 0.5066    hit@100 : 0.6444    precision@10 : 0.0361    precision@20 : 0.0295    precision@50 : 0.0216    precision@100 : 0.0163
Sun 07 Dec 2025 10:38:04 INFO  Saving current: /scratch/jd5316/Capstone/Capstone/checkpoints/LightGCN-Dec-07-2025_10-35-03.pth
Sun 07 Dec 2025 10:38:12 INFO  epoch 10 training [time: 8.44s, train loss: 73.4535]
Sun 07 Dec 2025 10:38:21 INFO  epoch 10 evaluating [time: 8.30s, valid_score: 0.107700]
Sun 07 Dec 2025 10:38:21 INFO  valid result: 
recall@10 : 0.0371    recall@20 : 0.06    recall@50 : 0.1088    recall@100 : 0.1646    mrr@10 : 0.1077    mrr@20 : 0.1143    mrr@50 : 0.1196    mrr@100 : 0.1216    ndcg@10 : 0.0441    ndcg@20 : 0.0537    ndcg@50 : 0.0745    ndcg@100 : 0.0943    hit@10 : 0.246    hit@20 : 0.3424    hit@50 : 0.5122    hit@100 : 0.6532    precision@10 : 0.0374    precision@20 : 0.0304    precision@50 : 0.0221    precision@100 : 0.0168
Sun 07 Dec 2025 10:38:21 INFO  Saving current: /scratch/jd5316/Capstone/Capstone/checkpoints/LightGCN-Dec-07-2025_10-35-03.pth
Sun 07 Dec 2025 10:38:29 INFO  epoch 11 training [time: 8.44s, train loss: 71.7313]
Sun 07 Dec 2025 10:38:37 INFO  epoch 11 evaluating [time: 8.22s, valid_score: 0.109400]
Sun 07 Dec 2025 10:38:37 INFO  valid result: 
recall@10 : 0.0379    recall@20 : 0.0621    recall@50 : 0.1108    recall@100 : 0.1695    mrr@10 : 0.1094    mrr@20 : 0.1163    mrr@50 : 0.1215    mrr@100 : 0.1236    ndcg@10 : 0.0451    ndcg@20 : 0.0553    ndcg@50 : 0.0761    ndcg@100 : 0.097    hit@10 : 0.2506    hit@20 : 0.3512    hit@50 : 0.515    hit@100 : 0.6669    precision@10 : 0.0382    precision@20 : 0.0314    precision@50 : 0.0225    precision@100 : 0.0173
Sun 07 Dec 2025 10:38:38 INFO  Saving current: /scratch/jd5316/Capstone/Capstone/checkpoints/LightGCN-Dec-07-2025_10-35-03.pth
Sun 07 Dec 2025 10:38:46 INFO  epoch 12 training [time: 8.54s, train loss: 69.3938]
Sun 07 Dec 2025 10:38:54 INFO  epoch 12 evaluating [time: 8.33s, valid_score: 0.111000]
Sun 07 Dec 2025 10:38:54 INFO  valid result: 
recall@10 : 0.0387    recall@20 : 0.0634    recall@50 : 0.114    recall@100 : 0.1743    mrr@10 : 0.111    mrr@20 : 0.1179    mrr@50 : 0.1232    mrr@100 : 0.1254    ndcg@10 : 0.0459    ndcg@20 : 0.0563    ndcg@50 : 0.078    ndcg@100 : 0.0993    hit@10 : 0.256    hit@20 : 0.3558    hit@50 : 0.5226    hit@100 : 0.6776    precision@10 : 0.0391    precision@20 : 0.0321    precision@50 : 0.0232    precision@100 : 0.0177
Sun 07 Dec 2025 10:38:55 INFO  Saving current: /scratch/jd5316/Capstone/Capstone/checkpoints/LightGCN-Dec-07-2025_10-35-03.pth
Sun 07 Dec 2025 10:39:03 INFO  epoch 13 training [time: 8.65s, train loss: 68.1613]
Sun 07 Dec 2025 10:39:11 INFO  epoch 13 evaluating [time: 8.19s, valid_score: 0.114700]
Sun 07 Dec 2025 10:39:11 INFO  valid result: 
recall@10 : 0.0401    recall@20 : 0.0658    recall@50 : 0.1179    recall@100 : 0.1785    mrr@10 : 0.1147    mrr@20 : 0.122    mrr@50 : 0.1272    mrr@100 : 0.1293    ndcg@10 : 0.0475    ndcg@20 : 0.0584    ndcg@50 : 0.0807    ndcg@100 : 0.1022    hit@10 : 0.263    hit@20 : 0.3681    hit@50 : 0.5314    hit@100 : 0.684    precision@10 : 0.0405    precision@20 : 0.0334    precision@50 : 0.0239    precision@100 : 0.0181
Sun 07 Dec 2025 10:39:11 INFO  Saving current: /scratch/jd5316/Capstone/Capstone/checkpoints/LightGCN-Dec-07-2025_10-35-03.pth
Sun 07 Dec 2025 10:39:20 INFO  epoch 14 training [time: 8.46s, train loss: 66.0367]
Sun 07 Dec 2025 10:39:28 INFO  epoch 14 evaluating [time: 8.17s, valid_score: 0.118700]
Sun 07 Dec 2025 10:39:28 INFO  valid result: 
recall@10 : 0.0417    recall@20 : 0.0684    recall@50 : 0.1221    recall@100 : 0.184    mrr@10 : 0.1187    mrr@20 : 0.126    mrr@50 : 0.1312    mrr@100 : 0.1333    ndcg@10 : 0.0495    ndcg@20 : 0.0608    ndcg@50 : 0.0836    ndcg@100 : 0.1056    hit@10 : 0.2715    hit@20 : 0.3786    hit@50 : 0.5441    hit@100 : 0.6949    precision@10 : 0.0421    precision@20 : 0.0347    precision@50 : 0.0247    precision@100 : 0.0187
Sun 07 Dec 2025 10:39:28 INFO  Saving current: /scratch/jd5316/Capstone/Capstone/checkpoints/LightGCN-Dec-07-2025_10-35-03.pth
Sun 07 Dec 2025 10:39:37 INFO  epoch 15 training [time: 8.47s, train loss: 64.4917]
Sun 07 Dec 2025 10:39:45 INFO  epoch 15 evaluating [time: 8.09s, valid_score: 0.122700]
Sun 07 Dec 2025 10:39:45 INFO  valid result: 
recall@10 : 0.0431    recall@20 : 0.0705    recall@50 : 0.1262    recall@100 : 0.1901    mrr@10 : 0.1227    mrr@20 : 0.13    mrr@50 : 0.1353    mrr@100 : 0.1374    ndcg@10 : 0.0512    ndcg@20 : 0.0627    ndcg@50 : 0.0865    ndcg@100 : 0.1092    hit@10 : 0.2815    hit@20 : 0.3882    hit@50 : 0.5546    hit@100 : 0.7035    precision@10 : 0.0435    precision@20 : 0.0356    precision@50 : 0.0256    precision@100 : 0.0193
Sun 07 Dec 2025 10:39:45 INFO  Saving current: /scratch/jd5316/Capstone/Capstone/checkpoints/LightGCN-Dec-07-2025_10-35-03.pth
Sun 07 Dec 2025 10:39:53 INFO  epoch 16 training [time: 8.45s, train loss: 62.8087]
Sun 07 Dec 2025 10:40:02 INFO  epoch 16 evaluating [time: 8.32s, valid_score: 0.124300]
Sun 07 Dec 2025 10:40:02 INFO  valid result: 
recall@10 : 0.0446    recall@20 : 0.0729    recall@50 : 0.1307    recall@100 : 0.1952    mrr@10 : 0.1243    mrr@20 : 0.1318    mrr@50 : 0.1372    mrr@100 : 0.1393    ndcg@10 : 0.0525    ndcg@20 : 0.0646    ndcg@50 : 0.0892    ndcg@100 : 0.1121    hit@10 : 0.2868    hit@20 : 0.3964    hit@50 : 0.5659    hit@100 : 0.714    precision@10 : 0.0449    precision@20 : 0.0368    precision@50 : 0.0264    precision@100 : 0.0198
Sun 07 Dec 2025 10:40:02 INFO  Saving current: /scratch/jd5316/Capstone/Capstone/checkpoints/LightGCN-Dec-07-2025_10-35-03.pth
Sun 07 Dec 2025 10:40:10 INFO  epoch 17 training [time: 8.43s, train loss: 60.7325]
Sun 07 Dec 2025 10:40:19 INFO  epoch 17 evaluating [time: 8.29s, valid_score: 0.129200]
Sun 07 Dec 2025 10:40:19 INFO  valid result: 
recall@10 : 0.0456    recall@20 : 0.0745    recall@50 : 0.1338    recall@100 : 0.2007    mrr@10 : 0.1292    mrr@20 : 0.1368    mrr@50 : 0.1424    mrr@100 : 0.1445    ndcg@10 : 0.0542    ndcg@20 : 0.0665    ndcg@50 : 0.0919    ndcg@100 : 0.1156    hit@10 : 0.2906    hit@20 : 0.4005    hit@50 : 0.5778    hit@100 : 0.7266    precision@10 : 0.0459    precision@20 : 0.0375    precision@50 : 0.0271    precision@100 : 0.0204
Sun 07 Dec 2025 10:40:19 INFO  Saving current: /scratch/jd5316/Capstone/Capstone/checkpoints/LightGCN-Dec-07-2025_10-35-03.pth
Sun 07 Dec 2025 10:40:27 INFO  epoch 18 training [time: 8.43s, train loss: 59.3332]
Sun 07 Dec 2025 10:40:36 INFO  epoch 18 evaluating [time: 8.49s, valid_score: 0.130800]
Sun 07 Dec 2025 10:40:36 INFO  valid result: 
recall@10 : 0.0472    recall@20 : 0.0765    recall@50 : 0.137    recall@100 : 0.2046    mrr@10 : 0.1308    mrr@20 : 0.1383    mrr@50 : 0.1441    mrr@100 : 0.1462    ndcg@10 : 0.0555    ndcg@20 : 0.0679    ndcg@50 : 0.0939    ndcg@100 : 0.1179    hit@10 : 0.2992    hit@20 : 0.408    hit@50 : 0.5904    hit@100 : 0.7351    precision@10 : 0.0473    precision@20 : 0.0385    precision@50 : 0.0277    precision@100 : 0.0208
Sun 07 Dec 2025 10:40:36 INFO  Saving current: /scratch/jd5316/Capstone/Capstone/checkpoints/LightGCN-Dec-07-2025_10-35-03.pth
Sun 07 Dec 2025 10:40:44 INFO  epoch 19 training [time: 8.43s, train loss: 57.7892]
Sun 07 Dec 2025 10:40:52 INFO  epoch 19 evaluating [time: 8.13s, valid_score: 0.133800]
Sun 07 Dec 2025 10:40:52 INFO  valid result: 
recall@10 : 0.0488    recall@20 : 0.0779    recall@50 : 0.1399    recall@100 : 0.2088    mrr@10 : 0.1338    mrr@20 : 0.1412    mrr@50 : 0.147    mrr@100 : 0.1491    ndcg@10 : 0.0571    ndcg@20 : 0.0693    ndcg@50 : 0.0958    ndcg@100 : 0.1202    hit@10 : 0.3075    hit@20 : 0.4162    hit@50 : 0.6006    hit@100 : 0.7431    precision@10 : 0.049    precision@20 : 0.0392    precision@50 : 0.0283    precision@100 : 0.0212
Sun 07 Dec 2025 10:40:52 INFO  Saving current: /scratch/jd5316/Capstone/Capstone/checkpoints/LightGCN-Dec-07-2025_10-35-03.pth
Sun 07 Dec 2025 10:41:01 INFO  epoch 20 training [time: 8.42s, train loss: 55.9864]
Sun 07 Dec 2025 10:41:09 INFO  epoch 20 evaluating [time: 8.25s, valid_score: 0.135700]
Sun 07 Dec 2025 10:41:09 INFO  valid result: 
recall@10 : 0.0494    recall@20 : 0.0795    recall@50 : 0.1417    recall@100 : 0.2129    mrr@10 : 0.1357    mrr@20 : 0.1434    mrr@50 : 0.1492    mrr@100 : 0.1514    ndcg@10 : 0.058    ndcg@20 : 0.0706    ndcg@50 : 0.0972    ndcg@100 : 0.1225    hit@10 : 0.3098    hit@20 : 0.4234    hit@50 : 0.6069    hit@100 : 0.7568    precision@10 : 0.0496    precision@20 : 0.04    precision@50 : 0.0286    precision@100 : 0.0216
Sun 07 Dec 2025 10:41:09 INFO  Saving current: /scratch/jd5316/Capstone/Capstone/checkpoints/LightGCN-Dec-07-2025_10-35-03.pth
Sun 07 Dec 2025 10:41:18 INFO  epoch 21 training [time: 8.44s, train loss: 55.1901]
Sun 07 Dec 2025 10:41:26 INFO  epoch 21 evaluating [time: 8.24s, valid_score: 0.138700]
Sun 07 Dec 2025 10:41:26 INFO  valid result: 
recall@10 : 0.0502    recall@20 : 0.0807    recall@50 : 0.143    recall@100 : 0.2163    mrr@10 : 0.1387    mrr@20 : 0.1465    mrr@50 : 0.1523    mrr@100 : 0.1545    ndcg@10 : 0.0591    ndcg@20 : 0.0719    ndcg@50 : 0.0986    ndcg@100 : 0.1245    hit@10 : 0.316    hit@20 : 0.431    hit@50 : 0.6125    hit@100 : 0.7632    precision@10 : 0.0504    precision@20 : 0.0406    precision@50 : 0.0289    precision@100 : 0.0219
Sun 07 Dec 2025 10:41:26 INFO  Saving current: /scratch/jd5316/Capstone/Capstone/checkpoints/LightGCN-Dec-07-2025_10-35-03.pth
Sun 07 Dec 2025 10:41:34 INFO  epoch 22 training [time: 8.44s, train loss: 53.7849]
Sun 07 Dec 2025 10:41:43 INFO  epoch 22 evaluating [time: 8.25s, valid_score: 0.141500]
Sun 07 Dec 2025 10:41:43 INFO  valid result: 
recall@10 : 0.051    recall@20 : 0.0823    recall@50 : 0.145    recall@100 : 0.2185    mrr@10 : 0.1415    mrr@20 : 0.1496    mrr@50 : 0.1554    mrr@100 : 0.1575    ndcg@10 : 0.0602    ndcg@20 : 0.0733    ndcg@50 : 0.1001    ndcg@100 : 0.1262    hit@10 : 0.3209    hit@20 : 0.4388    hit@50 : 0.6202    hit@100 : 0.7682    precision@10 : 0.0513    precision@20 : 0.0414    precision@50 : 0.0293    precision@100 : 0.0222
Sun 07 Dec 2025 10:41:43 INFO  Saving current: /scratch/jd5316/Capstone/Capstone/checkpoints/LightGCN-Dec-07-2025_10-35-03.pth
Sun 07 Dec 2025 10:41:51 INFO  epoch 23 training [time: 8.43s, train loss: 52.5695]
Sun 07 Dec 2025 10:42:00 INFO  epoch 23 evaluating [time: 8.26s, valid_score: 0.144900]
Sun 07 Dec 2025 10:42:00 INFO  valid result: 
recall@10 : 0.0513    recall@20 : 0.0828    recall@50 : 0.146    recall@100 : 0.2209    mrr@10 : 0.1449    mrr@20 : 0.1532    mrr@50 : 0.159    mrr@100 : 0.1612    ndcg@10 : 0.0609    ndcg@20 : 0.0742    ndcg@50 : 0.1013    ndcg@100 : 0.1278    hit@10 : 0.3221    hit@20 : 0.4429    hit@50 : 0.6259    hit@100 : 0.7749    precision@10 : 0.0515    precision@20 : 0.0417    precision@50 : 0.0295    precision@100 : 0.0224
Sun 07 Dec 2025 10:42:00 INFO  Saving current: /scratch/jd5316/Capstone/Capstone/checkpoints/LightGCN-Dec-07-2025_10-35-03.pth
Sun 07 Dec 2025 10:42:08 INFO  epoch 24 training [time: 8.48s, train loss: 51.2616]
Sun 07 Dec 2025 10:42:16 INFO  epoch 24 evaluating [time: 8.27s, valid_score: 0.145300]
Sun 07 Dec 2025 10:42:16 INFO  valid result: 
recall@10 : 0.0515    recall@20 : 0.0841    recall@50 : 0.148    recall@100 : 0.2227    mrr@10 : 0.1453    mrr@20 : 0.1538    mrr@50 : 0.1596    mrr@100 : 0.1617    ndcg@10 : 0.0612    ndcg@20 : 0.075    ndcg@50 : 0.1023    ndcg@100 : 0.1287    hit@10 : 0.3261    hit@20 : 0.4505    hit@50 : 0.6318    hit@100 : 0.7785    precision@10 : 0.0517    precision@20 : 0.0424    precision@50 : 0.0299    precision@100 : 0.0226
Sun 07 Dec 2025 10:42:16 INFO  Saving current: /scratch/jd5316/Capstone/Capstone/checkpoints/LightGCN-Dec-07-2025_10-35-03.pth
Sun 07 Dec 2025 10:42:25 INFO  epoch 25 training [time: 8.42s, train loss: 50.2567]
Sun 07 Dec 2025 10:42:33 INFO  epoch 25 evaluating [time: 8.28s, valid_score: 0.146700]
Sun 07 Dec 2025 10:42:33 INFO  valid result: 
recall@10 : 0.0524    recall@20 : 0.0843    recall@50 : 0.1489    recall@100 : 0.2251    mrr@10 : 0.1467    mrr@20 : 0.155    mrr@50 : 0.1608    mrr@100 : 0.1629    ndcg@10 : 0.0619    ndcg@20 : 0.0754    ndcg@50 : 0.103    ndcg@100 : 0.13    hit@10 : 0.3301    hit@20 : 0.4518    hit@50 : 0.6336    hit@100 : 0.7819    precision@10 : 0.0525    precision@20 : 0.0425    precision@50 : 0.0301    precision@100 : 0.0228
Sun 07 Dec 2025 10:42:33 INFO  Saving current: /scratch/jd5316/Capstone/Capstone/checkpoints/LightGCN-Dec-07-2025_10-35-03.pth
Sun 07 Dec 2025 10:42:42 INFO  epoch 26 training [time: 8.52s, train loss: 49.3943]
Sun 07 Dec 2025 10:42:50 INFO  epoch 26 evaluating [time: 8.22s, valid_score: 0.147300]
Sun 07 Dec 2025 10:42:50 INFO  valid result: 
recall@10 : 0.0526    recall@20 : 0.0853    recall@50 : 0.15    recall@100 : 0.2266    mrr@10 : 0.1473    mrr@20 : 0.1557    mrr@50 : 0.1614    mrr@100 : 0.1636    ndcg@10 : 0.0622    ndcg@20 : 0.0761    ndcg@50 : 0.1037    ndcg@100 : 0.1309    hit@10 : 0.3332    hit@20 : 0.4559    hit@50 : 0.6371    hit@100 : 0.7835    precision@10 : 0.0527    precision@20 : 0.043    precision@50 : 0.0303    precision@100 : 0.023
Sun 07 Dec 2025 10:42:50 INFO  Saving current: /scratch/jd5316/Capstone/Capstone/checkpoints/LightGCN-Dec-07-2025_10-35-03.pth
Sun 07 Dec 2025 10:42:59 INFO  epoch 27 training [time: 8.46s, train loss: 48.3433]
Sun 07 Dec 2025 10:43:07 INFO  epoch 27 evaluating [time: 8.20s, valid_score: 0.148600]
Sun 07 Dec 2025 10:43:07 INFO  valid result: 
recall@10 : 0.0531    recall@20 : 0.086    recall@50 : 0.1514    recall@100 : 0.2279    mrr@10 : 0.1486    mrr@20 : 0.1569    mrr@50 : 0.1629    mrr@100 : 0.165    ndcg@10 : 0.0628    ndcg@20 : 0.0767    ndcg@50 : 0.1047    ndcg@100 : 0.1318    hit@10 : 0.3355    hit@20 : 0.4555    hit@50 : 0.6429    hit@100 : 0.7859    precision@10 : 0.0533    precision@20 : 0.0433    precision@50 : 0.0307    precision@100 : 0.0231
Sun 07 Dec 2025 10:43:07 INFO  Saving current: /scratch/jd5316/Capstone/Capstone/checkpoints/LightGCN-Dec-07-2025_10-35-03.pth
Sun 07 Dec 2025 10:43:15 INFO  epoch 28 training [time: 8.40s, train loss: 47.6419]
Sun 07 Dec 2025 10:43:24 INFO  epoch 28 evaluating [time: 8.25s, valid_score: 0.149300]
Sun 07 Dec 2025 10:43:24 INFO  valid result: 
recall@10 : 0.0535    recall@20 : 0.0869    recall@50 : 0.1534    recall@100 : 0.23    mrr@10 : 0.1493    mrr@20 : 0.1577    mrr@50 : 0.1637    mrr@100 : 0.1657    ndcg@10 : 0.063    ndcg@20 : 0.0773    ndcg@50 : 0.1057    ndcg@100 : 0.1329    hit@10 : 0.3388    hit@20 : 0.4608    hit@50 : 0.6482    hit@100 : 0.7904    precision@10 : 0.0536    precision@20 : 0.0438    precision@50 : 0.031    precision@100 : 0.0233
Sun 07 Dec 2025 10:43:24 INFO  Saving current: /scratch/jd5316/Capstone/Capstone/checkpoints/LightGCN-Dec-07-2025_10-35-03.pth
Sun 07 Dec 2025 10:43:32 INFO  epoch 29 training [time: 8.44s, train loss: 46.5476]
Sun 07 Dec 2025 10:43:40 INFO  epoch 29 evaluating [time: 8.20s, valid_score: 0.150800]
Sun 07 Dec 2025 10:43:40 INFO  valid result: 
recall@10 : 0.054    recall@20 : 0.0879    recall@50 : 0.1546    recall@100 : 0.2323    mrr@10 : 0.1508    mrr@20 : 0.1594    mrr@50 : 0.1654    mrr@100 : 0.1674    ndcg@10 : 0.0637    ndcg@20 : 0.0781    ndcg@50 : 0.1066    ndcg@100 : 0.1341    hit@10 : 0.3409    hit@20 : 0.4665    hit@50 : 0.6544    hit@100 : 0.7928    precision@10 : 0.0541    precision@20 : 0.0442    precision@50 : 0.0312    precision@100 : 0.0235
Sun 07 Dec 2025 10:43:40 INFO  Saving current: /scratch/jd5316/Capstone/Capstone/checkpoints/LightGCN-Dec-07-2025_10-35-03.pth
Sun 07 Dec 2025 10:43:49 INFO  epoch 30 training [time: 8.42s, train loss: 45.8631]
Sun 07 Dec 2025 10:43:57 INFO  epoch 30 evaluating [time: 8.31s, valid_score: 0.152000]
Sun 07 Dec 2025 10:43:57 INFO  valid result: 
recall@10 : 0.0541    recall@20 : 0.0885    recall@50 : 0.1563    recall@100 : 0.2342    mrr@10 : 0.152    mrr@20 : 0.1609    mrr@50 : 0.1669    mrr@100 : 0.1689    ndcg@10 : 0.064    ndcg@20 : 0.0787    ndcg@50 : 0.1077    ndcg@100 : 0.1353    hit@10 : 0.3428    hit@20 : 0.4699    hit@50 : 0.6564    hit@100 : 0.7978    precision@10 : 0.0543    precision@20 : 0.0445    precision@50 : 0.0316    precision@100 : 0.0237
Sun 07 Dec 2025 10:43:57 INFO  Saving current: /scratch/jd5316/Capstone/Capstone/checkpoints/LightGCN-Dec-07-2025_10-35-03.pth
Sun 07 Dec 2025 10:44:06 INFO  epoch 31 training [time: 8.41s, train loss: 45.0286]
Sun 07 Dec 2025 10:44:14 INFO  epoch 31 evaluating [time: 8.14s, valid_score: 0.153900]
Sun 07 Dec 2025 10:44:14 INFO  valid result: 
recall@10 : 0.0546    recall@20 : 0.0894    recall@50 : 0.1574    recall@100 : 0.2357    mrr@10 : 0.1539    mrr@20 : 0.1628    mrr@50 : 0.1687    mrr@100 : 0.1708    ndcg@10 : 0.0648    ndcg@20 : 0.0796    ndcg@50 : 0.1087    ndcg@100 : 0.1364    hit@10 : 0.3459    hit@20 : 0.4728    hit@50 : 0.658    hit@100 : 0.8016    precision@10 : 0.0548    precision@20 : 0.045    precision@50 : 0.0318    precision@100 : 0.0239
Sun 07 Dec 2025 10:44:14 INFO  Saving current: /scratch/jd5316/Capstone/Capstone/checkpoints/LightGCN-Dec-07-2025_10-35-03.pth
Sun 07 Dec 2025 10:44:22 INFO  epoch 32 training [time: 8.46s, train loss: 44.3776]
Sun 07 Dec 2025 10:44:31 INFO  epoch 32 evaluating [time: 8.14s, valid_score: 0.155800]
Sun 07 Dec 2025 10:44:31 INFO  valid result: 
recall@10 : 0.0558    recall@20 : 0.09    recall@50 : 0.1596    recall@100 : 0.2378    mrr@10 : 0.1558    mrr@20 : 0.1645    mrr@50 : 0.1705    mrr@100 : 0.1725    ndcg@10 : 0.0659    ndcg@20 : 0.0803    ndcg@50 : 0.11    ndcg@100 : 0.1377    hit@10 : 0.3522    hit@20 : 0.4778    hit@50 : 0.6661    hit@100 : 0.8051    precision@10 : 0.056    precision@20 : 0.0453    precision@50 : 0.0322    precision@100 : 0.0241
Sun 07 Dec 2025 10:44:31 INFO  Saving current: /scratch/jd5316/Capstone/Capstone/checkpoints/LightGCN-Dec-07-2025_10-35-03.pth
Sun 07 Dec 2025 10:44:39 INFO  epoch 33 training [time: 8.47s, train loss: 43.6237]
Sun 07 Dec 2025 10:44:47 INFO  epoch 33 evaluating [time: 8.04s, valid_score: 0.157900]
Sun 07 Dec 2025 10:44:47 INFO  valid result: 
recall@10 : 0.0564    recall@20 : 0.0909    recall@50 : 0.161    recall@100 : 0.2401    mrr@10 : 0.1579    mrr@20 : 0.1666    mrr@50 : 0.1725    mrr@100 : 0.1745    ndcg@10 : 0.0666    ndcg@20 : 0.0812    ndcg@50 : 0.1112    ndcg@100 : 0.1392    hit@10 : 0.3574    hit@20 : 0.4821    hit@50 : 0.6682    hit@100 : 0.8079    precision@10 : 0.0564    precision@20 : 0.0457    precision@50 : 0.0325    precision@100 : 0.0243
Sun 07 Dec 2025 10:44:47 INFO  Saving current: /scratch/jd5316/Capstone/Capstone/checkpoints/LightGCN-Dec-07-2025_10-35-03.pth
Sun 07 Dec 2025 10:44:56 INFO  epoch 34 training [time: 8.38s, train loss: 43.1001]
Sun 07 Dec 2025 10:45:04 INFO  epoch 34 evaluating [time: 7.98s, valid_score: 0.160300]
Sun 07 Dec 2025 10:45:04 INFO  valid result: 
recall@10 : 0.0576    recall@20 : 0.0916    recall@50 : 0.1628    recall@100 : 0.2428    mrr@10 : 0.1603    mrr@20 : 0.1687    mrr@50 : 0.1748    mrr@100 : 0.1768    ndcg@10 : 0.0678    ndcg@20 : 0.0821    ndcg@50 : 0.1125    ndcg@100 : 0.1409    hit@10 : 0.3624    hit@20 : 0.4846    hit@50 : 0.6726    hit@100 : 0.8116    precision@10 : 0.0576    precision@20 : 0.046    precision@50 : 0.0328    precision@100 : 0.0246
Sun 07 Dec 2025 10:45:04 INFO  Saving current: /scratch/jd5316/Capstone/Capstone/checkpoints/LightGCN-Dec-07-2025_10-35-03.pth
Sun 07 Dec 2025 10:45:12 INFO  epoch 35 training [time: 8.42s, train loss: 42.0427]
Sun 07 Dec 2025 10:45:20 INFO  epoch 35 evaluating [time: 8.03s, valid_score: 0.162300]
Sun 07 Dec 2025 10:45:20 INFO  valid result: 
recall@10 : 0.0585    recall@20 : 0.0929    recall@50 : 0.165    recall@100 : 0.2453    mrr@10 : 0.1623    mrr@20 : 0.1711    mrr@50 : 0.1771    mrr@100 : 0.179    ndcg@10 : 0.0688    ndcg@20 : 0.0832    ndcg@50 : 0.114    ndcg@100 : 0.1425    hit@10 : 0.366    hit@20 : 0.4921    hit@50 : 0.6786    hit@100 : 0.8154    precision@10 : 0.0585    precision@20 : 0.0467    precision@50 : 0.0333    precision@100 : 0.0248
Sun 07 Dec 2025 10:45:20 INFO  Saving current: /scratch/jd5316/Capstone/Capstone/checkpoints/LightGCN-Dec-07-2025_10-35-03.pth
Sun 07 Dec 2025 10:45:29 INFO  epoch 36 training [time: 8.59s, train loss: 41.4123]
Sun 07 Dec 2025 10:45:37 INFO  epoch 36 evaluating [time: 8.00s, valid_score: 0.162600]
Sun 07 Dec 2025 10:45:37 INFO  valid result: 
recall@10 : 0.0592    recall@20 : 0.0942    recall@50 : 0.1668    recall@100 : 0.2475    mrr@10 : 0.1626    mrr@20 : 0.1714    mrr@50 : 0.1774    mrr@100 : 0.1794    ndcg@10 : 0.0694    ndcg@20 : 0.0841    ndcg@50 : 0.1151    ndcg@100 : 0.1437    hit@10 : 0.3694    hit@20 : 0.4959    hit@50 : 0.684    hit@100 : 0.8194    precision@10 : 0.0593    precision@20 : 0.0474    precision@50 : 0.0337    precision@100 : 0.025
Sun 07 Dec 2025 10:45:37 INFO  Saving current: /scratch/jd5316/Capstone/Capstone/checkpoints/LightGCN-Dec-07-2025_10-35-03.pth
Sun 07 Dec 2025 10:45:45 INFO  epoch 37 training [time: 8.34s, train loss: 40.6025]
Sun 07 Dec 2025 10:45:53 INFO  epoch 37 evaluating [time: 8.01s, valid_score: 0.165700]
Sun 07 Dec 2025 10:45:53 INFO  valid result: 
recall@10 : 0.0601    recall@20 : 0.0957    recall@50 : 0.1687    recall@100 : 0.249    mrr@10 : 0.1657    mrr@20 : 0.1745    mrr@50 : 0.1804    mrr@100 : 0.1824    ndcg@10 : 0.0705    ndcg@20 : 0.0854    ndcg@50 : 0.1166    ndcg@100 : 0.1451    hit@10 : 0.3751    hit@20 : 0.5016    hit@50 : 0.6868    hit@100 : 0.8212    precision@10 : 0.0602    precision@20 : 0.0481    precision@50 : 0.034    precision@100 : 0.0252
Sun 07 Dec 2025 10:45:53 INFO  Saving current: /scratch/jd5316/Capstone/Capstone/checkpoints/LightGCN-Dec-07-2025_10-35-03.pth
Sun 07 Dec 2025 10:46:02 INFO  epoch 38 training [time: 8.38s, train loss: 39.8346]
Sun 07 Dec 2025 10:46:10 INFO  epoch 38 evaluating [time: 8.03s, valid_score: 0.169800]
Sun 07 Dec 2025 10:46:10 INFO  valid result: 
recall@10 : 0.061    recall@20 : 0.0972    recall@50 : 0.1707    recall@100 : 0.2523    mrr@10 : 0.1698    mrr@20 : 0.1785    mrr@50 : 0.1845    mrr@100 : 0.1865    ndcg@10 : 0.0719    ndcg@20 : 0.087    ndcg@50 : 0.1184    ndcg@100 : 0.1473    hit@10 : 0.3791    hit@20 : 0.5062    hit@50 : 0.6919    hit@100 : 0.8266    precision@10 : 0.0611    precision@20 : 0.0488    precision@50 : 0.0344    precision@100 : 0.0255
Sun 07 Dec 2025 10:46:10 INFO  Saving current: /scratch/jd5316/Capstone/Capstone/checkpoints/LightGCN-Dec-07-2025_10-35-03.pth
Sun 07 Dec 2025 10:46:18 INFO  epoch 39 training [time: 8.47s, train loss: 39.4132]
Sun 07 Dec 2025 10:46:27 INFO  epoch 39 evaluating [time: 8.13s, valid_score: 0.171400]
Sun 07 Dec 2025 10:46:27 INFO  valid result: 
recall@10 : 0.0615    recall@20 : 0.0984    recall@50 : 0.1723    recall@100 : 0.254    mrr@10 : 0.1714    mrr@20 : 0.1804    mrr@50 : 0.1864    mrr@100 : 0.1883    ndcg@10 : 0.0726    ndcg@20 : 0.0881    ndcg@50 : 0.1196    ndcg@100 : 0.1486    hit@10 : 0.3809    hit@20 : 0.5106    hit@50 : 0.6982    hit@100 : 0.83    precision@10 : 0.0615    precision@20 : 0.0494    precision@50 : 0.0348    precision@100 : 0.0257
Sun 07 Dec 2025 10:46:27 INFO  Saving current: /scratch/jd5316/Capstone/Capstone/checkpoints/LightGCN-Dec-07-2025_10-35-03.pth
Sun 07 Dec 2025 10:46:27 INFO  Loading model structure and parameters from /scratch/jd5316/Capstone/Capstone/checkpoints/LightGCN-Dec-07-2025_10-35-03.pth
Sun 07 Dec 2025 10:46:36 INFO  The running environment of this training is as follows:
+-------------+-----------------+
| Environment |      Usage      |
+=============+=================+
| CPU         |     26.20 %     |
+-------------+-----------------+
| GPU         | 0.23 G/44.48 G  |
+-------------+-----------------+
| Memory      | 1.48 G/377.07 G |
+-------------+-----------------+
Sun 07 Dec 2025 10:46:36 INFO  best valid : OrderedDict([('recall@10', 0.0615), ('recall@20', 0.0984), ('recall@50', 0.1723), ('recall@100', 0.254), ('mrr@10', 0.1714), ('mrr@20', 0.1804), ('mrr@50', 0.1864), ('mrr@100', 0.1883), ('ndcg@10', 0.0726), ('ndcg@20', 0.0881), ('ndcg@50', 0.1196), ('ndcg@100', 0.1486), ('hit@10', 0.3809), ('hit@20', 0.5106), ('hit@50', 0.6982), ('hit@100', 0.83), ('precision@10', 0.0615), ('precision@20', 0.0494), ('precision@50', 0.0348), ('precision@100', 0.0257)])
Sun 07 Dec 2025 10:46:36 INFO  test result: OrderedDict([('recall@10', 0.0688), ('recall@20', 0.1051), ('recall@50', 0.1784), ('recall@100', 0.2609), ('mrr@10', 0.1994), ('mrr@20', 0.2082), ('mrr@50', 0.2139), ('mrr@100', 0.2159), ('ndcg@10', 0.085), ('ndcg@20', 0.0993), ('ndcg@50', 0.1307), ('ndcg@100', 0.1599), ('hit@10', 0.3979), ('hit@20', 0.5256), ('hit@50', 0.7025), ('hit@100', 0.8372), ('precision@10', 0.0687), ('precision@20', 0.0527), ('precision@50', 0.036), ('precision@100', 0.0263)])
Sun 07 Dec 2025 10:46:36 WARNING  Warning: Parameter 'neg_sampling' or 'training_neg_sample_num' has been deprecated in the new version, please use 'train_neg_sample_args' instead and check the API documentation for proper usage.
Sun 07 Dec 2025 10:46:40 INFO  [Training]: train_batch_size = [2048] train_neg_sample_args: [{'distribution': 'uniform', 'sample_num': 1, 'alpha': 1.0, 'dynamic': False, 'candidate_num': 0}]
Sun 07 Dec 2025 10:46:40 INFO  [Evaluation]: eval_batch_size = [2048] eval_args: [{'split': {'RS': [0.8, 0.1, 0.1]}, 'order': 'RO', 'group_by': 'user', 'mode': {'valid': 'full', 'test': 'full'}}]
