Wed 26 Nov 2025 02:23:34 INFO  ['/scratch/jd5316/Capstone/Capstone/notebooks/train_lightgcn_baseline']
Wed 26 Nov 2025 02:23:34 INFO  
General Hyper Parameters:
gpu_id = 0
use_gpu = True
seed = 2020
state = INFO
reproducibility = True
data_path = /scratch/jd5316/Capstone/Capstone/Data/recbole_data//music_sample
checkpoint_dir = /scratch/jd5316/Capstone/Capstone/models/lightgcn_base/
show_progress = True
save_dataset = False
dataset_save_path = None
save_dataloaders = False
dataloaders_save_path = None
log_wandb = False

Training Hyper Parameters:
epochs = 100
train_batch_size = 4096
learner = adam
learning_rate = 0.001
train_neg_sample_args = {'distribution': 'uniform', 'sample_num': 1, 'alpha': 1.0, 'dynamic': False, 'candidate_num': 0}
eval_step = 1
stopping_step = 5
clip_grad_norm = None
weight_decay = 0.0
loss_decimal_place = 4

Evaluation Hyper Parameters:
eval_args = {'split': {'RS': [0.8, 0.1, 0.1]}, 'order': 'RO', 'group_by': 'user', 'mode': {'valid': 'full', 'test': 'full'}}
repeatable = False
metrics = ['Recall', 'MRR', 'NDCG', 'Hit', 'Precision']
topk = [10, 20, 50, 100]
valid_metric = MRR@10
valid_metric_bigger = True
eval_batch_size = 4096
metric_decimal_place = 4

Dataset Hyper Parameters:
field_separator = ,
seq_separator =  
USER_ID_FIELD = user_id
ITEM_ID_FIELD = item_id
RATING_FIELD = rating
TIME_FIELD = timestamp
seq_len = None
LABEL_FIELD = label
threshold = None
NEG_PREFIX = neg_
load_col = {'inter': ['user_id', 'item_id']}
unload_col = None
unused_col = None
additional_feat_suffix = None
rm_dup_inter = None
val_interval = None
filter_inter_by_user_or_item = True
user_inter_num_interval = [0,inf)
item_inter_num_interval = [0,inf)
alias_of_user_id = None
alias_of_item_id = None
alias_of_entity_id = None
alias_of_relation_id = None
preload_weight = None
normalize_field = None
normalize_all = None
ITEM_LIST_LENGTH_FIELD = item_length
LIST_SUFFIX = _list
MAX_ITEM_LIST_LENGTH = 50
POSITION_FIELD = position_id
HEAD_ENTITY_ID_FIELD = head_id
TAIL_ENTITY_ID_FIELD = tail_id
RELATION_ID_FIELD = relation_id
ENTITY_ID_FIELD = entity_id
benchmark_filename = None

Other Hyper Parameters: 
worker = 0
wandb_project = recbole
shuffle = True
require_pow = False
enable_amp = False
enable_scaler = False
transform = None
embedding_size = 64
n_layers = 2
reg_weight = 1e-05
numerical_features = []
discretization = None
kg_reverse_r = False
entity_kg_num_interval = [0,inf)
relation_kg_num_interval = [0,inf)
MODEL_TYPE = ModelType.GENERAL
neg_sampling = {'uniform': 1}
save_model = True
resume = False
MODEL_INPUT_TYPE = InputType.PAIRWISE
eval_type = EvaluatorType.RANKING
single_spec = True
local_rank = 0
device = cuda
valid_neg_sample_args = {'distribution': 'uniform', 'sample_num': 'none'}
test_neg_sample_args = {'distribution': 'uniform', 'sample_num': 'none'}


Wed 26 Nov 2025 02:23:36 INFO  music_sample
The number of users: 8001
Average actions of users: 107.512
The number of items: 24070
Average actions of items: 35.73459636877311
The number of inters: 860096
The sparsity of the dataset: 99.5533919290417%
Remain Fields: ['user_id', 'item_id']
Wed 26 Nov 2025 02:23:38 INFO  [Training]: train_batch_size = [4096] train_neg_sample_args: [{'distribution': 'uniform', 'sample_num': 1, 'alpha': 1.0, 'dynamic': False, 'candidate_num': 0}]
Wed 26 Nov 2025 02:23:38 INFO  [Evaluation]: eval_batch_size = [4096] eval_args: [{'split': {'RS': [0.8, 0.1, 0.1]}, 'order': 'RO', 'group_by': 'user', 'mode': {'valid': 'full', 'test': 'full'}}]
Wed 26 Nov 2025 02:23:40 INFO  LightGCN(
  (user_embedding): Embedding(8001, 64)
  (item_embedding): Embedding(24070, 64)
  (mf_loss): BPRLoss()
  (reg_loss): EmbLoss()
)
Trainable parameters: 2052544
Wed 26 Nov 2025 02:23:41 INFO  FLOPs: 0.0
Wed 26 Nov 2025 02:23:57 INFO  epoch 0 training [time: 6.12s, train loss: 94.8754]
Wed 26 Nov 2025 02:24:06 INFO  epoch 0 evaluating [time: 8.43s, valid_score: 0.061200]
Wed 26 Nov 2025 02:24:06 INFO  valid result: 
recall@10 : 0.0174    recall@20 : 0.0299    recall@50 : 0.0589    recall@100 : 0.1029    mrr@10 : 0.0612    mrr@20 : 0.0668    mrr@50 : 0.0716    mrr@100 : 0.0736    ndcg@10 : 0.0215    ndcg@20 : 0.0268    ndcg@50 : 0.0391    ndcg@100 : 0.0548    hit@10 : 0.1518    hit@20 : 0.2344    hit@50 : 0.3881    hit@100 : 0.5251    precision@10 : 0.0178    precision@20 : 0.0154    precision@50 : 0.0121    precision@100 : 0.0106
Wed 26 Nov 2025 02:24:06 INFO  Saving current: /scratch/jd5316/Capstone/Capstone/models/lightgcn_base/LightGCN-Nov-26-2025_02-23-41.pth
Wed 26 Nov 2025 02:24:11 INFO  epoch 1 training [time: 4.61s, train loss: 55.6658]
Wed 26 Nov 2025 02:24:19 INFO  epoch 1 evaluating [time: 8.12s, valid_score: 0.062300]
Wed 26 Nov 2025 02:24:19 INFO  valid result: 
recall@10 : 0.0183    recall@20 : 0.0305    recall@50 : 0.0602    recall@100 : 0.1043    mrr@10 : 0.0623    mrr@20 : 0.0677    mrr@50 : 0.0726    mrr@100 : 0.0746    ndcg@10 : 0.0222    ndcg@20 : 0.0272    ndcg@50 : 0.0399    ndcg@100 : 0.0556    hit@10 : 0.1579    hit@20 : 0.2389    hit@50 : 0.3944    hit@100 : 0.5319    precision@10 : 0.0187    precision@20 : 0.0157    precision@50 : 0.0124    precision@100 : 0.0107
Wed 26 Nov 2025 02:24:19 INFO  Saving current: /scratch/jd5316/Capstone/Capstone/models/lightgcn_base/LightGCN-Nov-26-2025_02-23-41.pth
Wed 26 Nov 2025 02:24:24 INFO  epoch 2 training [time: 4.68s, train loss: 51.3412]
Wed 26 Nov 2025 02:24:32 INFO  epoch 2 evaluating [time: 8.03s, valid_score: 0.063100]
Wed 26 Nov 2025 02:24:32 INFO  valid result: 
recall@10 : 0.0186    recall@20 : 0.0319    recall@50 : 0.0627    recall@100 : 0.1075    mrr@10 : 0.0631    mrr@20 : 0.0689    mrr@50 : 0.0738    mrr@100 : 0.0758    ndcg@10 : 0.0225    ndcg@20 : 0.0282    ndcg@50 : 0.0412    ndcg@100 : 0.0572    hit@10 : 0.1602    hit@20 : 0.2452    hit@50 : 0.4024    hit@100 : 0.5389    precision@10 : 0.0189    precision@20 : 0.0164    precision@50 : 0.0129    precision@100 : 0.011
Wed 26 Nov 2025 02:24:32 INFO  Saving current: /scratch/jd5316/Capstone/Capstone/models/lightgcn_base/LightGCN-Nov-26-2025_02-23-41.pth
Wed 26 Nov 2025 02:24:36 INFO  epoch 3 training [time: 4.60s, train loss: 49.0490]
Wed 26 Nov 2025 02:24:44 INFO  epoch 3 evaluating [time: 8.00s, valid_score: 0.065900]
Wed 26 Nov 2025 02:24:44 INFO  valid result: 
recall@10 : 0.0198    recall@20 : 0.0334    recall@50 : 0.068    recall@100 : 0.1114    mrr@10 : 0.0659    mrr@20 : 0.0716    mrr@50 : 0.0768    mrr@100 : 0.0787    ndcg@10 : 0.0238    ndcg@20 : 0.0295    ndcg@50 : 0.0441    ndcg@100 : 0.0596    hit@10 : 0.168    hit@20 : 0.2529    hit@50 : 0.4202    hit@100 : 0.5519    precision@10 : 0.0202    precision@20 : 0.0171    precision@50 : 0.0139    precision@100 : 0.0114
Wed 26 Nov 2025 02:24:44 INFO  Saving current: /scratch/jd5316/Capstone/Capstone/models/lightgcn_base/LightGCN-Nov-26-2025_02-23-41.pth
Wed 26 Nov 2025 02:24:49 INFO  epoch 4 training [time: 4.75s, train loss: 47.1478]
Wed 26 Nov 2025 02:24:57 INFO  epoch 4 evaluating [time: 8.00s, valid_score: 0.067600]
Wed 26 Nov 2025 02:24:57 INFO  valid result: 
recall@10 : 0.0211    recall@20 : 0.0352    recall@50 : 0.0724    recall@100 : 0.1162    mrr@10 : 0.0676    mrr@20 : 0.0736    mrr@50 : 0.0789    mrr@100 : 0.0808    ndcg@10 : 0.0249    ndcg@20 : 0.0309    ndcg@50 : 0.0467    ndcg@100 : 0.0623    hit@10 : 0.1755    hit@20 : 0.2629    hit@50 : 0.4308    hit@100 : 0.5651    precision@10 : 0.0216    precision@20 : 0.018    precision@50 : 0.0148    precision@100 : 0.0119
Wed 26 Nov 2025 02:24:57 INFO  Saving current: /scratch/jd5316/Capstone/Capstone/models/lightgcn_base/LightGCN-Nov-26-2025_02-23-41.pth
Wed 26 Nov 2025 02:25:02 INFO  epoch 5 training [time: 4.61s, train loss: 45.1994]
Wed 26 Nov 2025 02:25:10 INFO  epoch 5 evaluating [time: 8.00s, valid_score: 0.072800]
Wed 26 Nov 2025 02:25:10 INFO  valid result: 
recall@10 : 0.0225    recall@20 : 0.0378    recall@50 : 0.0779    recall@100 : 0.1208    mrr@10 : 0.0728    mrr@20 : 0.079    mrr@50 : 0.0843    mrr@100 : 0.0862    ndcg@10 : 0.0268    ndcg@20 : 0.0332    ndcg@50 : 0.0504    ndcg@100 : 0.0657    hit@10 : 0.1842    hit@20 : 0.2769    hit@50 : 0.4414    hit@100 : 0.5749    precision@10 : 0.0229    precision@20 : 0.0193    precision@50 : 0.0159    precision@100 : 0.0124
Wed 26 Nov 2025 02:25:10 INFO  Saving current: /scratch/jd5316/Capstone/Capstone/models/lightgcn_base/LightGCN-Nov-26-2025_02-23-41.pth
Wed 26 Nov 2025 02:25:15 INFO  epoch 6 training [time: 4.66s, train loss: 43.6818]
Wed 26 Nov 2025 02:25:23 INFO  epoch 6 evaluating [time: 8.01s, valid_score: 0.075600]
Wed 26 Nov 2025 02:25:23 INFO  valid result: 
recall@10 : 0.0236    recall@20 : 0.0406    recall@50 : 0.0814    recall@100 : 0.1276    mrr@10 : 0.0756    mrr@20 : 0.0823    mrr@50 : 0.0875    mrr@100 : 0.0895    ndcg@10 : 0.0281    ndcg@20 : 0.0353    ndcg@50 : 0.0529    ndcg@100 : 0.0693    hit@10 : 0.1919    hit@20 : 0.29    hit@50 : 0.4508    hit@100 : 0.5929    precision@10 : 0.0241    precision@20 : 0.0207    precision@50 : 0.0167    precision@100 : 0.0131
Wed 26 Nov 2025 02:25:23 INFO  Saving current: /scratch/jd5316/Capstone/Capstone/models/lightgcn_base/LightGCN-Nov-26-2025_02-23-41.pth
Wed 26 Nov 2025 02:25:27 INFO  epoch 7 training [time: 4.62s, train loss: 42.5749]
Wed 26 Nov 2025 02:25:35 INFO  epoch 7 evaluating [time: 8.02s, valid_score: 0.079500]
Wed 26 Nov 2025 02:25:35 INFO  valid result: 
recall@10 : 0.0259    recall@20 : 0.0441    recall@50 : 0.0855    recall@100 : 0.1328    mrr@10 : 0.0795    mrr@20 : 0.0863    mrr@50 : 0.0913    mrr@100 : 0.0933    ndcg@10 : 0.0303    ndcg@20 : 0.0381    ndcg@50 : 0.0559    ndcg@100 : 0.0727    hit@10 : 0.2028    hit@20 : 0.3035    hit@50 : 0.461    hit@100 : 0.6008    precision@10 : 0.0263    precision@20 : 0.0224    precision@50 : 0.0175    precision@100 : 0.0136
Wed 26 Nov 2025 02:25:35 INFO  Saving current: /scratch/jd5316/Capstone/Capstone/models/lightgcn_base/LightGCN-Nov-26-2025_02-23-41.pth
Wed 26 Nov 2025 02:25:40 INFO  epoch 8 training [time: 4.59s, train loss: 41.3876]
Wed 26 Nov 2025 02:25:48 INFO  epoch 8 evaluating [time: 8.02s, valid_score: 0.083700]
Wed 26 Nov 2025 02:25:48 INFO  valid result: 
recall@10 : 0.0275    recall@20 : 0.0467    recall@50 : 0.0896    recall@100 : 0.1386    mrr@10 : 0.0837    mrr@20 : 0.0906    mrr@50 : 0.0959    mrr@100 : 0.0978    ndcg@10 : 0.0322    ndcg@20 : 0.0405    ndcg@50 : 0.0589    ndcg@100 : 0.0763    hit@10 : 0.2088    hit@20 : 0.3101    hit@50 : 0.4735    hit@100 : 0.6112    precision@10 : 0.0278    precision@20 : 0.0237    precision@50 : 0.0183    precision@100 : 0.0142
Wed 26 Nov 2025 02:25:48 INFO  Saving current: /scratch/jd5316/Capstone/Capstone/models/lightgcn_base/LightGCN-Nov-26-2025_02-23-41.pth
Wed 26 Nov 2025 02:25:53 INFO  epoch 9 training [time: 4.60s, train loss: 40.7753]
Wed 26 Nov 2025 02:26:01 INFO  epoch 9 evaluating [time: 8.04s, valid_score: 0.090300]
Wed 26 Nov 2025 02:26:01 INFO  valid result: 
recall@10 : 0.0296    recall@20 : 0.0495    recall@50 : 0.0936    recall@100 : 0.1432    mrr@10 : 0.0903    mrr@20 : 0.097    mrr@50 : 0.1022    mrr@100 : 0.1042    ndcg@10 : 0.0349    ndcg@20 : 0.0434    ndcg@50 : 0.0624    ndcg@100 : 0.08    hit@10 : 0.2181    hit@20 : 0.3167    hit@50 : 0.477    hit@100 : 0.617    precision@10 : 0.0299    precision@20 : 0.0251    precision@50 : 0.0191    precision@100 : 0.0146
Wed 26 Nov 2025 02:26:01 INFO  Saving current: /scratch/jd5316/Capstone/Capstone/models/lightgcn_base/LightGCN-Nov-26-2025_02-23-41.pth
Wed 26 Nov 2025 02:26:06 INFO  epoch 10 training [time: 4.67s, train loss: 39.6786]
Wed 26 Nov 2025 02:26:14 INFO  epoch 10 evaluating [time: 8.11s, valid_score: 0.094800]
Wed 26 Nov 2025 02:26:14 INFO  valid result: 
recall@10 : 0.0308    recall@20 : 0.0522    recall@50 : 0.0973    recall@100 : 0.1475    mrr@10 : 0.0948    mrr@20 : 0.102    mrr@50 : 0.107    mrr@100 : 0.109    ndcg@10 : 0.037    ndcg@20 : 0.0462    ndcg@50 : 0.0656    ndcg@100 : 0.0834    hit@10 : 0.2218    hit@20 : 0.3278    hit@50 : 0.4844    hit@100 : 0.6225    precision@10 : 0.0312    precision@20 : 0.0264    precision@50 : 0.0199    precision@100 : 0.0151
Wed 26 Nov 2025 02:26:14 INFO  Saving current: /scratch/jd5316/Capstone/Capstone/models/lightgcn_base/LightGCN-Nov-26-2025_02-23-41.pth
Wed 26 Nov 2025 02:26:18 INFO  epoch 11 training [time: 4.63s, train loss: 39.0287]
Wed 26 Nov 2025 02:26:26 INFO  epoch 11 evaluating [time: 8.09s, valid_score: 0.100700]
Wed 26 Nov 2025 02:26:26 INFO  valid result: 
recall@10 : 0.0332    recall@20 : 0.0548    recall@50 : 0.1004    recall@100 : 0.1513    mrr@10 : 0.1007    mrr@20 : 0.1077    mrr@50 : 0.1127    mrr@100 : 0.1147    ndcg@10 : 0.0398    ndcg@20 : 0.049    ndcg@50 : 0.0686    ndcg@100 : 0.0866    hit@10 : 0.2304    hit@20 : 0.3329    hit@50 : 0.4915    hit@100 : 0.6296    precision@10 : 0.0334    precision@20 : 0.0277    precision@50 : 0.0205    precision@100 : 0.0155
Wed 26 Nov 2025 02:26:27 INFO  Saving current: /scratch/jd5316/Capstone/Capstone/models/lightgcn_base/LightGCN-Nov-26-2025_02-23-41.pth
Wed 26 Nov 2025 02:26:31 INFO  epoch 12 training [time: 4.61s, train loss: 37.9947]
Wed 26 Nov 2025 02:26:39 INFO  epoch 12 evaluating [time: 8.06s, valid_score: 0.103400]
Wed 26 Nov 2025 02:26:39 INFO  valid result: 
recall@10 : 0.0349    recall@20 : 0.0569    recall@50 : 0.1024    recall@100 : 0.1552    mrr@10 : 0.1034    mrr@20 : 0.1102    mrr@50 : 0.1153    mrr@100 : 0.1173    ndcg@10 : 0.0416    ndcg@20 : 0.0509    ndcg@50 : 0.0704    ndcg@100 : 0.0891    hit@10 : 0.2365    hit@20 : 0.3355    hit@50 : 0.4975    hit@100 : 0.6394    precision@10 : 0.0352    precision@20 : 0.0289    precision@50 : 0.0208    precision@100 : 0.0158
Wed 26 Nov 2025 02:26:39 INFO  Saving current: /scratch/jd5316/Capstone/Capstone/models/lightgcn_base/LightGCN-Nov-26-2025_02-23-41.pth
Wed 26 Nov 2025 02:26:44 INFO  epoch 13 training [time: 4.63s, train loss: 37.4607]
Wed 26 Nov 2025 02:26:52 INFO  epoch 13 evaluating [time: 8.04s, valid_score: 0.105400]
Wed 26 Nov 2025 02:26:52 INFO  valid result: 
recall@10 : 0.0357    recall@20 : 0.059    recall@50 : 0.105    recall@100 : 0.1586    mrr@10 : 0.1054    mrr@20 : 0.1123    mrr@50 : 0.1174    mrr@100 : 0.1194    ndcg@10 : 0.0426    ndcg@20 : 0.0525    ndcg@50 : 0.0722    ndcg@100 : 0.0913    hit@10 : 0.2406    hit@20 : 0.3414    hit@50 : 0.5018    hit@100 : 0.647    precision@10 : 0.036    precision@20 : 0.0299    precision@50 : 0.0213    precision@100 : 0.0162
Wed 26 Nov 2025 02:26:52 INFO  Saving current: /scratch/jd5316/Capstone/Capstone/models/lightgcn_base/LightGCN-Nov-26-2025_02-23-41.pth
Wed 26 Nov 2025 02:26:57 INFO  epoch 14 training [time: 4.63s, train loss: 36.7315]
Wed 26 Nov 2025 02:27:21 INFO  epoch 14 evaluating [time: 24.35s, valid_score: 0.107200]
Wed 26 Nov 2025 02:27:21 INFO  valid result: 
recall@10 : 0.0372    recall@20 : 0.06    recall@50 : 0.107    recall@100 : 0.1626    mrr@10 : 0.1072    mrr@20 : 0.114    mrr@50 : 0.1192    mrr@100 : 0.1213    ndcg@10 : 0.0439    ndcg@20 : 0.0536    ndcg@50 : 0.0738    ndcg@100 : 0.0935    hit@10 : 0.2451    hit@20 : 0.344    hit@50 : 0.5051    hit@100 : 0.6541    precision@10 : 0.0373    precision@20 : 0.0304    precision@50 : 0.0217    precision@100 : 0.0166
Wed 26 Nov 2025 02:27:21 INFO  Saving current: /scratch/jd5316/Capstone/Capstone/models/lightgcn_base/LightGCN-Nov-26-2025_02-23-41.pth
Wed 26 Nov 2025 02:27:26 INFO  epoch 15 training [time: 4.62s, train loss: 35.9704]
Wed 26 Nov 2025 02:27:34 INFO  epoch 15 evaluating [time: 8.22s, valid_score: 0.108100]
Wed 26 Nov 2025 02:27:34 INFO  valid result: 
recall@10 : 0.0376    recall@20 : 0.0613    recall@50 : 0.1088    recall@100 : 0.1654    mrr@10 : 0.1081    mrr@20 : 0.1151    mrr@50 : 0.1202    mrr@100 : 0.1223    ndcg@10 : 0.0445    ndcg@20 : 0.0546    ndcg@50 : 0.075    ndcg@100 : 0.095    hit@10 : 0.2481    hit@20 : 0.3498    hit@50 : 0.51    hit@100 : 0.6581    precision@10 : 0.0378    precision@20 : 0.0311    precision@50 : 0.0221    precision@100 : 0.0169
Wed 26 Nov 2025 02:27:34 INFO  Saving current: /scratch/jd5316/Capstone/Capstone/models/lightgcn_base/LightGCN-Nov-26-2025_02-23-41.pth
Wed 26 Nov 2025 02:27:39 INFO  epoch 16 training [time: 4.63s, train loss: 35.3714]
Wed 26 Nov 2025 02:27:47 INFO  epoch 16 evaluating [time: 8.20s, valid_score: 0.110900]
Wed 26 Nov 2025 02:27:47 INFO  valid result: 
recall@10 : 0.0385    recall@20 : 0.0626    recall@50 : 0.1111    recall@100 : 0.1688    mrr@10 : 0.1109    mrr@20 : 0.1178    mrr@50 : 0.1229    mrr@100 : 0.125    ndcg@10 : 0.0456    ndcg@20 : 0.0558    ndcg@50 : 0.0765    ndcg@100 : 0.097    hit@10 : 0.2522    hit@20 : 0.3539    hit@50 : 0.5155    hit@100 : 0.6635    precision@10 : 0.0388    precision@20 : 0.0317    precision@50 : 0.0225    precision@100 : 0.0172
Wed 26 Nov 2025 02:27:47 INFO  Saving current: /scratch/jd5316/Capstone/Capstone/models/lightgcn_base/LightGCN-Nov-26-2025_02-23-41.pth
Wed 26 Nov 2025 02:27:52 INFO  epoch 17 training [time: 4.71s, train loss: 34.5366]
Wed 26 Nov 2025 02:28:00 INFO  epoch 17 evaluating [time: 8.22s, valid_score: 0.111200]
Wed 26 Nov 2025 02:28:00 INFO  valid result: 
recall@10 : 0.0391    recall@20 : 0.0634    recall@50 : 0.1131    recall@100 : 0.1728    mrr@10 : 0.1112    mrr@20 : 0.1182    mrr@50 : 0.1234    mrr@100 : 0.1255    ndcg@10 : 0.046    ndcg@20 : 0.0564    ndcg@50 : 0.0776    ndcg@100 : 0.0988    hit@10 : 0.2559    hit@20 : 0.3581    hit@50 : 0.5228    hit@100 : 0.6732    precision@10 : 0.0394    precision@20 : 0.0321    precision@50 : 0.023    precision@100 : 0.0176
Wed 26 Nov 2025 02:28:00 INFO  Saving current: /scratch/jd5316/Capstone/Capstone/models/lightgcn_base/LightGCN-Nov-26-2025_02-23-41.pth
Wed 26 Nov 2025 02:28:05 INFO  epoch 18 training [time: 4.61s, train loss: 34.0155]
Wed 26 Nov 2025 02:28:13 INFO  epoch 18 evaluating [time: 7.95s, valid_score: 0.112100]
Wed 26 Nov 2025 02:28:13 INFO  valid result: 
recall@10 : 0.0398    recall@20 : 0.0649    recall@50 : 0.1152    recall@100 : 0.1756    mrr@10 : 0.1121    mrr@20 : 0.1192    mrr@50 : 0.1243    mrr@100 : 0.1265    ndcg@10 : 0.0467    ndcg@20 : 0.0573    ndcg@50 : 0.0789    ndcg@100 : 0.1003    hit@10 : 0.2609    hit@20 : 0.3639    hit@50 : 0.5284    hit@100 : 0.6788    precision@10 : 0.0401    precision@20 : 0.0329    precision@50 : 0.0234    precision@100 : 0.0179
Wed 26 Nov 2025 02:28:13 INFO  Saving current: /scratch/jd5316/Capstone/Capstone/models/lightgcn_base/LightGCN-Nov-26-2025_02-23-41.pth
Wed 26 Nov 2025 02:28:17 INFO  epoch 19 training [time: 4.60s, train loss: 33.4721]
Wed 26 Nov 2025 02:28:25 INFO  epoch 19 evaluating [time: 7.96s, valid_score: 0.113000]
Wed 26 Nov 2025 02:28:25 INFO  valid result: 
recall@10 : 0.0406    recall@20 : 0.0659    recall@50 : 0.1183    recall@100 : 0.1787    mrr@10 : 0.113    mrr@20 : 0.1202    mrr@50 : 0.1254    mrr@100 : 0.1275    ndcg@10 : 0.0474    ndcg@20 : 0.0582    ndcg@50 : 0.0806    ndcg@100 : 0.102    hit@10 : 0.2646    hit@20 : 0.3689    hit@50 : 0.5321    hit@100 : 0.6832    precision@10 : 0.0409    precision@20 : 0.0334    precision@50 : 0.024    precision@100 : 0.0182
Wed 26 Nov 2025 02:28:25 INFO  Saving current: /scratch/jd5316/Capstone/Capstone/models/lightgcn_base/LightGCN-Nov-26-2025_02-23-41.pth
Wed 26 Nov 2025 02:28:30 INFO  epoch 20 training [time: 4.68s, train loss: 32.8481]
Wed 26 Nov 2025 02:28:38 INFO  epoch 20 evaluating [time: 7.95s, valid_score: 0.115900]
Wed 26 Nov 2025 02:28:38 INFO  valid result: 
recall@10 : 0.0415    recall@20 : 0.0671    recall@50 : 0.121    recall@100 : 0.1823    mrr@10 : 0.1159    mrr@20 : 0.1229    mrr@50 : 0.1282    mrr@100 : 0.1303    ndcg@10 : 0.0487    ndcg@20 : 0.0596    ndcg@50 : 0.0826    ndcg@100 : 0.1043    hit@10 : 0.2705    hit@20 : 0.3721    hit@50 : 0.5417    hit@100 : 0.6896    precision@10 : 0.0417    precision@20 : 0.034    precision@50 : 0.0246    precision@100 : 0.0185
Wed 26 Nov 2025 02:28:38 INFO  Saving current: /scratch/jd5316/Capstone/Capstone/models/lightgcn_base/LightGCN-Nov-26-2025_02-23-41.pth
Wed 26 Nov 2025 02:28:43 INFO  epoch 21 training [time: 4.63s, train loss: 32.2938]
Wed 26 Nov 2025 02:28:51 INFO  epoch 21 evaluating [time: 8.00s, valid_score: 0.118300]
Wed 26 Nov 2025 02:28:51 INFO  valid result: 
recall@10 : 0.0422    recall@20 : 0.0684    recall@50 : 0.1235    recall@100 : 0.1861    mrr@10 : 0.1183    mrr@20 : 0.1253    mrr@50 : 0.1307    mrr@100 : 0.1328    ndcg@10 : 0.0496    ndcg@20 : 0.0607    ndcg@50 : 0.0843    ndcg@100 : 0.1065    hit@10 : 0.2755    hit@20 : 0.378    hit@50 : 0.5482    hit@100 : 0.6979    precision@10 : 0.0425    precision@20 : 0.0346    precision@50 : 0.025    precision@100 : 0.0189
Wed 26 Nov 2025 02:28:51 INFO  Saving current: /scratch/jd5316/Capstone/Capstone/models/lightgcn_base/LightGCN-Nov-26-2025_02-23-41.pth
Wed 26 Nov 2025 02:28:55 INFO  epoch 22 training [time: 4.62s, train loss: 31.7765]
Wed 26 Nov 2025 02:29:03 INFO  epoch 22 evaluating [time: 8.01s, valid_score: 0.120300]
Wed 26 Nov 2025 02:29:03 INFO  valid result: 
recall@10 : 0.0437    recall@20 : 0.0707    recall@50 : 0.1264    recall@100 : 0.1903    mrr@10 : 0.1203    mrr@20 : 0.1275    mrr@50 : 0.1328    mrr@100 : 0.135    ndcg@10 : 0.051    ndcg@20 : 0.0624    ndcg@50 : 0.0862    ndcg@100 : 0.1089    hit@10 : 0.2815    hit@20 : 0.3875    hit@50 : 0.556    hit@100 : 0.706    precision@10 : 0.044    precision@20 : 0.0357    precision@50 : 0.0256    precision@100 : 0.0193
Wed 26 Nov 2025 02:29:03 INFO  Saving current: /scratch/jd5316/Capstone/Capstone/models/lightgcn_base/LightGCN-Nov-26-2025_02-23-41.pth
Wed 26 Nov 2025 02:29:08 INFO  epoch 23 training [time: 4.64s, train loss: 31.2057]
Wed 26 Nov 2025 02:29:16 INFO  epoch 23 evaluating [time: 7.97s, valid_score: 0.122500]
Wed 26 Nov 2025 02:29:16 INFO  valid result: 
recall@10 : 0.0444    recall@20 : 0.0721    recall@50 : 0.1293    recall@100 : 0.1932    mrr@10 : 0.1225    mrr@20 : 0.1298    mrr@50 : 0.1352    mrr@100 : 0.1373    ndcg@10 : 0.052    ndcg@20 : 0.0638    ndcg@50 : 0.0882    ndcg@100 : 0.1109    hit@10 : 0.2861    hit@20 : 0.3912    hit@50 : 0.5638    hit@100 : 0.7101    precision@10 : 0.0447    precision@20 : 0.0364    precision@50 : 0.0262    precision@100 : 0.0196
Wed 26 Nov 2025 02:29:16 INFO  Saving current: /scratch/jd5316/Capstone/Capstone/models/lightgcn_base/LightGCN-Nov-26-2025_02-23-41.pth
Wed 26 Nov 2025 02:29:21 INFO  epoch 24 training [time: 4.61s, train loss: 30.5593]
Wed 26 Nov 2025 02:29:29 INFO  epoch 24 evaluating [time: 8.02s, valid_score: 0.125300]
Wed 26 Nov 2025 02:29:29 INFO  valid result: 
recall@10 : 0.0453    recall@20 : 0.0736    recall@50 : 0.1318    recall@100 : 0.197    mrr@10 : 0.1253    mrr@20 : 0.1328    mrr@50 : 0.1383    mrr@100 : 0.1403    ndcg@10 : 0.0532    ndcg@20 : 0.0652    ndcg@50 : 0.0901    ndcg@100 : 0.1132    hit@10 : 0.29    hit@20 : 0.3979    hit@50 : 0.5735    hit@100 : 0.7179    precision@10 : 0.0456    precision@20 : 0.0372    precision@50 : 0.0267    precision@100 : 0.02
Wed 26 Nov 2025 02:29:29 INFO  Saving current: /scratch/jd5316/Capstone/Capstone/models/lightgcn_base/LightGCN-Nov-26-2025_02-23-41.pth
Wed 26 Nov 2025 02:29:34 INFO  epoch 25 training [time: 4.60s, train loss: 29.9747]
Wed 26 Nov 2025 02:29:41 INFO  epoch 25 evaluating [time: 7.98s, valid_score: 0.129500]
Wed 26 Nov 2025 02:29:41 INFO  valid result: 
recall@10 : 0.0464    recall@20 : 0.0746    recall@50 : 0.1344    recall@100 : 0.2008    mrr@10 : 0.1295    mrr@20 : 0.1367    mrr@50 : 0.1424    mrr@100 : 0.1445    ndcg@10 : 0.0547    ndcg@20 : 0.0665    ndcg@50 : 0.0921    ndcg@100 : 0.1156    hit@10 : 0.2969    hit@20 : 0.4014    hit@50 : 0.5815    hit@100 : 0.7279    precision@10 : 0.0467    precision@20 : 0.0377    precision@50 : 0.0272    precision@100 : 0.0204
Wed 26 Nov 2025 02:29:42 INFO  Saving current: /scratch/jd5316/Capstone/Capstone/models/lightgcn_base/LightGCN-Nov-26-2025_02-23-41.pth
Wed 26 Nov 2025 02:29:46 INFO  epoch 26 training [time: 4.62s, train loss: 29.4676]
Wed 26 Nov 2025 02:29:54 INFO  epoch 26 evaluating [time: 7.96s, valid_score: 0.131800]
Wed 26 Nov 2025 02:29:54 INFO  valid result: 
recall@10 : 0.0472    recall@20 : 0.076    recall@50 : 0.1365    recall@100 : 0.2036    mrr@10 : 0.1318    mrr@20 : 0.1392    mrr@50 : 0.1449    mrr@100 : 0.147    ndcg@10 : 0.0558    ndcg@20 : 0.0678    ndcg@50 : 0.0937    ndcg@100 : 0.1175    hit@10 : 0.2992    hit@20 : 0.4084    hit@50 : 0.5894    hit@100 : 0.7345    precision@10 : 0.0475    precision@20 : 0.0384    precision@50 : 0.0276    precision@100 : 0.0207
Wed 26 Nov 2025 02:29:54 INFO  Saving current: /scratch/jd5316/Capstone/Capstone/models/lightgcn_base/LightGCN-Nov-26-2025_02-23-41.pth
Wed 26 Nov 2025 02:29:59 INFO  epoch 27 training [time: 4.63s, train loss: 28.7304]
Wed 26 Nov 2025 02:30:07 INFO  epoch 27 evaluating [time: 8.04s, valid_score: 0.132900]
Wed 26 Nov 2025 02:30:07 INFO  valid result: 
recall@10 : 0.0474    recall@20 : 0.0772    recall@50 : 0.1384    recall@100 : 0.2065    mrr@10 : 0.1329    mrr@20 : 0.1408    mrr@50 : 0.1464    mrr@100 : 0.1485    ndcg@10 : 0.0561    ndcg@20 : 0.0687    ndcg@50 : 0.0948    ndcg@100 : 0.1189    hit@10 : 0.3008    hit@20 : 0.4146    hit@50 : 0.5938    hit@100 : 0.7406    precision@10 : 0.0478    precision@20 : 0.039    precision@50 : 0.028    precision@100 : 0.021
Wed 26 Nov 2025 02:30:07 INFO  Saving current: /scratch/jd5316/Capstone/Capstone/models/lightgcn_base/LightGCN-Nov-26-2025_02-23-41.pth
Wed 26 Nov 2025 02:30:12 INFO  epoch 28 training [time: 4.57s, train loss: 28.2864]
Wed 26 Nov 2025 02:30:20 INFO  epoch 28 evaluating [time: 8.00s, valid_score: 0.135500]
Wed 26 Nov 2025 02:30:20 INFO  valid result: 
recall@10 : 0.0481    recall@20 : 0.0783    recall@50 : 0.1403    recall@100 : 0.2097    mrr@10 : 0.1355    mrr@20 : 0.1431    mrr@50 : 0.1489    mrr@100 : 0.151    ndcg@10 : 0.0571    ndcg@20 : 0.0697    ndcg@50 : 0.0963    ndcg@100 : 0.1209    hit@10 : 0.3059    hit@20 : 0.4174    hit@50 : 0.5995    hit@100 : 0.7456    precision@10 : 0.0485    precision@20 : 0.0395    precision@50 : 0.0284    precision@100 : 0.0213
Wed 26 Nov 2025 02:30:20 INFO  Saving current: /scratch/jd5316/Capstone/Capstone/models/lightgcn_base/LightGCN-Nov-26-2025_02-23-41.pth
Wed 26 Nov 2025 02:30:24 INFO  epoch 29 training [time: 4.64s, train loss: 27.8579]
Wed 26 Nov 2025 02:30:32 INFO  epoch 29 evaluating [time: 8.02s, valid_score: 0.138600]
Wed 26 Nov 2025 02:30:32 INFO  valid result: 
recall@10 : 0.0492    recall@20 : 0.0791    recall@50 : 0.1423    recall@100 : 0.2126    mrr@10 : 0.1386    mrr@20 : 0.1463    mrr@50 : 0.1521    mrr@100 : 0.1543    ndcg@10 : 0.0583    ndcg@20 : 0.0708    ndcg@50 : 0.0978    ndcg@100 : 0.1227    hit@10 : 0.3113    hit@20 : 0.4222    hit@50 : 0.6059    hit@100 : 0.7551    precision@10 : 0.0495    precision@20 : 0.0399    precision@50 : 0.0288    precision@100 : 0.0216
Wed 26 Nov 2025 02:30:32 INFO  Saving current: /scratch/jd5316/Capstone/Capstone/models/lightgcn_base/LightGCN-Nov-26-2025_02-23-41.pth
Wed 26 Nov 2025 02:30:37 INFO  epoch 30 training [time: 4.61s, train loss: 27.1619]
Wed 26 Nov 2025 02:30:45 INFO  epoch 30 evaluating [time: 8.10s, valid_score: 0.140000]
Wed 26 Nov 2025 02:30:45 INFO  valid result: 
recall@10 : 0.0497    recall@20 : 0.0806    recall@50 : 0.1432    recall@100 : 0.2145    mrr@10 : 0.14    mrr@20 : 0.1479    mrr@50 : 0.1536    mrr@100 : 0.1558    ndcg@10 : 0.0589    ndcg@20 : 0.0719    ndcg@50 : 0.0987    ndcg@100 : 0.124    hit@10 : 0.314    hit@20 : 0.4292    hit@50 : 0.6101    hit@100 : 0.7596    precision@10 : 0.05    precision@20 : 0.0406    precision@50 : 0.0289    precision@100 : 0.0218
Wed 26 Nov 2025 02:30:45 INFO  Saving current: /scratch/jd5316/Capstone/Capstone/models/lightgcn_base/LightGCN-Nov-26-2025_02-23-41.pth
Wed 26 Nov 2025 02:30:50 INFO  epoch 31 training [time: 4.71s, train loss: 26.8564]
Wed 26 Nov 2025 02:30:58 INFO  epoch 31 evaluating [time: 8.03s, valid_score: 0.140200]
Wed 26 Nov 2025 02:30:58 INFO  valid result: 
recall@10 : 0.0503    recall@20 : 0.0813    recall@50 : 0.1445    recall@100 : 0.2169    mrr@10 : 0.1402    mrr@20 : 0.1483    mrr@50 : 0.154    mrr@100 : 0.1562    ndcg@10 : 0.0594    ndcg@20 : 0.0724    ndcg@50 : 0.0994    ndcg@100 : 0.1251    hit@10 : 0.316    hit@20 : 0.4329    hit@50 : 0.6138    hit@100 : 0.7622    precision@10 : 0.0506    precision@20 : 0.041    precision@50 : 0.0292    precision@100 : 0.022
Wed 26 Nov 2025 02:30:58 INFO  Saving current: /scratch/jd5316/Capstone/Capstone/models/lightgcn_base/LightGCN-Nov-26-2025_02-23-41.pth
Wed 26 Nov 2025 02:31:03 INFO  epoch 32 training [time: 4.59s, train loss: 26.4565]
Wed 26 Nov 2025 02:31:11 INFO  epoch 32 evaluating [time: 8.07s, valid_score: 0.142200]
Wed 26 Nov 2025 02:31:11 INFO  valid result: 
recall@10 : 0.0506    recall@20 : 0.0816    recall@50 : 0.1456    recall@100 : 0.2188    mrr@10 : 0.1422    mrr@20 : 0.1502    mrr@50 : 0.156    mrr@100 : 0.1582    ndcg@10 : 0.06    ndcg@20 : 0.073    ndcg@50 : 0.1003    ndcg@100 : 0.1262    hit@10 : 0.3186    hit@20 : 0.4354    hit@50 : 0.6185    hit@100 : 0.7688    precision@10 : 0.0509    precision@20 : 0.0412    precision@50 : 0.0294    precision@100 : 0.0222
Wed 26 Nov 2025 02:31:11 INFO  Saving current: /scratch/jd5316/Capstone/Capstone/models/lightgcn_base/LightGCN-Nov-26-2025_02-23-41.pth
Wed 26 Nov 2025 02:31:15 INFO  epoch 33 training [time: 4.64s, train loss: 26.1102]
Wed 26 Nov 2025 02:31:23 INFO  epoch 33 evaluating [time: 8.05s, valid_score: 0.143800]
Wed 26 Nov 2025 02:31:23 INFO  valid result: 
recall@10 : 0.0508    recall@20 : 0.0819    recall@50 : 0.1465    recall@100 : 0.22    mrr@10 : 0.1438    mrr@20 : 0.1518    mrr@50 : 0.1577    mrr@100 : 0.1599    ndcg@10 : 0.0605    ndcg@20 : 0.0735    ndcg@50 : 0.1011    ndcg@100 : 0.1272    hit@10 : 0.3211    hit@20 : 0.4375    hit@50 : 0.623    hit@100 : 0.772    precision@10 : 0.0511    precision@20 : 0.0413    precision@50 : 0.0296    precision@100 : 0.0223
Wed 26 Nov 2025 02:31:24 INFO  Saving current: /scratch/jd5316/Capstone/Capstone/models/lightgcn_base/LightGCN-Nov-26-2025_02-23-41.pth
Wed 26 Nov 2025 02:31:28 INFO  epoch 34 training [time: 4.58s, train loss: 25.7048]
Wed 26 Nov 2025 02:31:36 INFO  epoch 34 evaluating [time: 8.01s, valid_score: 0.142800]
Wed 26 Nov 2025 02:31:36 INFO  valid result: 
recall@10 : 0.0515    recall@20 : 0.0826    recall@50 : 0.1477    recall@100 : 0.2213    mrr@10 : 0.1428    mrr@20 : 0.1508    mrr@50 : 0.1567    mrr@100 : 0.1588    ndcg@10 : 0.0607    ndcg@20 : 0.0737    ndcg@50 : 0.1015    ndcg@100 : 0.1276    hit@10 : 0.3234    hit@20 : 0.4416    hit@50 : 0.6271    hit@100 : 0.7746    precision@10 : 0.0518    precision@20 : 0.0416    precision@50 : 0.0298    precision@100 : 0.0225
Wed 26 Nov 2025 02:31:41 INFO  epoch 35 training [time: 4.60s, train loss: 25.3720]
Wed 26 Nov 2025 02:31:49 INFO  epoch 35 evaluating [time: 8.01s, valid_score: 0.143800]
Wed 26 Nov 2025 02:31:49 INFO  valid result: 
recall@10 : 0.0516    recall@20 : 0.0832    recall@50 : 0.149    recall@100 : 0.2231    mrr@10 : 0.1438    mrr@20 : 0.152    mrr@50 : 0.1579    mrr@100 : 0.16    ndcg@10 : 0.061    ndcg@20 : 0.0742    ndcg@50 : 0.1023    ndcg@100 : 0.1286    hit@10 : 0.3251    hit@20 : 0.4456    hit@50 : 0.6314    hit@100 : 0.778    precision@10 : 0.052    precision@20 : 0.0419    precision@50 : 0.0301    precision@100 : 0.0226
Wed 26 Nov 2025 02:31:49 INFO  Saving current: /scratch/jd5316/Capstone/Capstone/models/lightgcn_base/LightGCN-Nov-26-2025_02-23-41.pth
Wed 26 Nov 2025 02:31:53 INFO  epoch 36 training [time: 4.62s, train loss: 24.9538]
Wed 26 Nov 2025 02:32:01 INFO  epoch 36 evaluating [time: 8.01s, valid_score: 0.145500]
Wed 26 Nov 2025 02:32:01 INFO  valid result: 
recall@10 : 0.052    recall@20 : 0.0843    recall@50 : 0.1494    recall@100 : 0.2247    mrr@10 : 0.1455    mrr@20 : 0.1538    mrr@50 : 0.1596    mrr@100 : 0.1617    ndcg@10 : 0.0615    ndcg@20 : 0.0751    ndcg@50 : 0.1029    ndcg@100 : 0.1296    hit@10 : 0.3281    hit@20 : 0.4514    hit@50 : 0.6331    hit@100 : 0.7817    precision@10 : 0.0523    precision@20 : 0.0425    precision@50 : 0.0302    precision@100 : 0.0228
Wed 26 Nov 2025 02:32:02 INFO  Saving current: /scratch/jd5316/Capstone/Capstone/models/lightgcn_base/LightGCN-Nov-26-2025_02-23-41.pth
Wed 26 Nov 2025 02:32:06 INFO  epoch 37 training [time: 4.66s, train loss: 24.5435]
Wed 26 Nov 2025 02:32:14 INFO  epoch 37 evaluating [time: 8.01s, valid_score: 0.145400]
Wed 26 Nov 2025 02:32:14 INFO  valid result: 
recall@10 : 0.0526    recall@20 : 0.0846    recall@50 : 0.1507    recall@100 : 0.226    mrr@10 : 0.1454    mrr@20 : 0.1536    mrr@50 : 0.1595    mrr@100 : 0.1616    ndcg@10 : 0.0619    ndcg@20 : 0.0753    ndcg@50 : 0.1036    ndcg@100 : 0.1302    hit@10 : 0.3315    hit@20 : 0.4522    hit@50 : 0.6374    hit@100 : 0.7839    precision@10 : 0.0528    precision@20 : 0.0425    precision@50 : 0.0305    precision@100 : 0.0229
Wed 26 Nov 2025 02:32:19 INFO  epoch 38 training [time: 4.60s, train loss: 24.3641]
Wed 26 Nov 2025 02:32:27 INFO  epoch 38 evaluating [time: 8.01s, valid_score: 0.146400]
Wed 26 Nov 2025 02:32:27 INFO  valid result: 
recall@10 : 0.0522    recall@20 : 0.0855    recall@50 : 0.1513    recall@100 : 0.227    mrr@10 : 0.1464    mrr@20 : 0.1552    mrr@50 : 0.1609    mrr@100 : 0.163    ndcg@10 : 0.0619    ndcg@20 : 0.076    ndcg@50 : 0.1041    ndcg@100 : 0.131    hit@10 : 0.3296    hit@20 : 0.4581    hit@50 : 0.641    hit@100 : 0.7836    precision@10 : 0.0525    precision@20 : 0.043    precision@50 : 0.0306    precision@100 : 0.023
Wed 26 Nov 2025 02:32:27 INFO  Saving current: /scratch/jd5316/Capstone/Capstone/models/lightgcn_base/LightGCN-Nov-26-2025_02-23-41.pth
Wed 26 Nov 2025 02:32:32 INFO  epoch 39 training [time: 4.58s, train loss: 23.9868]
Wed 26 Nov 2025 02:32:40 INFO  epoch 39 evaluating [time: 8.01s, valid_score: 0.148300]
Wed 26 Nov 2025 02:32:40 INFO  valid result: 
recall@10 : 0.053    recall@20 : 0.0859    recall@50 : 0.1523    recall@100 : 0.2286    mrr@10 : 0.1483    mrr@20 : 0.1569    mrr@50 : 0.1627    mrr@100 : 0.1647    ndcg@10 : 0.0627    ndcg@20 : 0.0766    ndcg@50 : 0.1049    ndcg@100 : 0.132    hit@10 : 0.3351    hit@20 : 0.4602    hit@50 : 0.6436    hit@100 : 0.7872    precision@10 : 0.0532    precision@20 : 0.0433    precision@50 : 0.0308    precision@100 : 0.0232
Wed 26 Nov 2025 02:32:40 INFO  Saving current: /scratch/jd5316/Capstone/Capstone/models/lightgcn_base/LightGCN-Nov-26-2025_02-23-41.pth
Wed 26 Nov 2025 02:32:44 INFO  epoch 40 training [time: 4.61s, train loss: 23.6050]
Wed 26 Nov 2025 02:32:52 INFO  epoch 40 evaluating [time: 8.02s, valid_score: 0.149800]
Wed 26 Nov 2025 02:32:52 INFO  valid result: 
recall@10 : 0.0532    recall@20 : 0.0866    recall@50 : 0.1528    recall@100 : 0.23    mrr@10 : 0.1498    mrr@20 : 0.1587    mrr@50 : 0.1644    mrr@100 : 0.1665    ndcg@10 : 0.0632    ndcg@20 : 0.0773    ndcg@50 : 0.1056    ndcg@100 : 0.133    hit@10 : 0.3345    hit@20 : 0.4642    hit@50 : 0.6454    hit@100 : 0.7896    precision@10 : 0.0534    precision@20 : 0.0436    precision@50 : 0.0309    precision@100 : 0.0233
Wed 26 Nov 2025 02:32:52 INFO  Saving current: /scratch/jd5316/Capstone/Capstone/models/lightgcn_base/LightGCN-Nov-26-2025_02-23-41.pth
Wed 26 Nov 2025 02:32:57 INFO  epoch 41 training [time: 4.59s, train loss: 23.5217]
Wed 26 Nov 2025 02:33:05 INFO  epoch 41 evaluating [time: 8.05s, valid_score: 0.151000]
Wed 26 Nov 2025 02:33:05 INFO  valid result: 
recall@10 : 0.0539    recall@20 : 0.087    recall@50 : 0.1537    recall@100 : 0.2314    mrr@10 : 0.151    mrr@20 : 0.1597    mrr@50 : 0.1655    mrr@100 : 0.1676    ndcg@10 : 0.0638    ndcg@20 : 0.0777    ndcg@50 : 0.1063    ndcg@100 : 0.1338    hit@10 : 0.3388    hit@20 : 0.4659    hit@50 : 0.6481    hit@100 : 0.7951    precision@10 : 0.0541    precision@20 : 0.0438    precision@50 : 0.0311    precision@100 : 0.0235
Wed 26 Nov 2025 02:33:05 INFO  Saving current: /scratch/jd5316/Capstone/Capstone/models/lightgcn_base/LightGCN-Nov-26-2025_02-23-41.pth
Wed 26 Nov 2025 02:33:10 INFO  epoch 42 training [time: 4.61s, train loss: 23.0383]
Wed 26 Nov 2025 02:33:18 INFO  epoch 42 evaluating [time: 8.02s, valid_score: 0.152100]
Wed 26 Nov 2025 02:33:18 INFO  valid result: 
recall@10 : 0.0542    recall@20 : 0.088    recall@50 : 0.155    recall@100 : 0.2329    mrr@10 : 0.1521    mrr@20 : 0.1609    mrr@50 : 0.1666    mrr@100 : 0.1687    ndcg@10 : 0.0642    ndcg@20 : 0.0784    ndcg@50 : 0.1071    ndcg@100 : 0.1347    hit@10 : 0.3414    hit@20 : 0.4709    hit@50 : 0.6514    hit@100 : 0.7965    precision@10 : 0.0544    precision@20 : 0.0443    precision@50 : 0.0313    precision@100 : 0.0236
Wed 26 Nov 2025 02:33:18 INFO  Saving current: /scratch/jd5316/Capstone/Capstone/models/lightgcn_base/LightGCN-Nov-26-2025_02-23-41.pth
Wed 26 Nov 2025 02:33:23 INFO  epoch 43 training [time: 4.62s, train loss: 22.8063]
Wed 26 Nov 2025 02:33:31 INFO  epoch 43 evaluating [time: 8.03s, valid_score: 0.153800]
Wed 26 Nov 2025 02:33:31 INFO  valid result: 
recall@10 : 0.0547    recall@20 : 0.0883    recall@50 : 0.1568    recall@100 : 0.2342    mrr@10 : 0.1538    mrr@20 : 0.1627    mrr@50 : 0.1686    mrr@100 : 0.1707    ndcg@10 : 0.0648    ndcg@20 : 0.079    ndcg@50 : 0.1082    ndcg@100 : 0.1356    hit@10 : 0.3429    hit@20 : 0.4704    hit@50 : 0.6569    hit@100 : 0.799    precision@10 : 0.0548    precision@20 : 0.0444    precision@50 : 0.0317    precision@100 : 0.0237
Wed 26 Nov 2025 02:33:31 INFO  Saving current: /scratch/jd5316/Capstone/Capstone/models/lightgcn_base/LightGCN-Nov-26-2025_02-23-41.pth
Wed 26 Nov 2025 02:33:35 INFO  epoch 44 training [time: 4.57s, train loss: 22.5286]
Wed 26 Nov 2025 02:33:43 INFO  epoch 44 evaluating [time: 8.08s, valid_score: 0.153800]
Wed 26 Nov 2025 02:33:43 INFO  valid result: 
recall@10 : 0.0553    recall@20 : 0.089    recall@50 : 0.1577    recall@100 : 0.2357    mrr@10 : 0.1538    mrr@20 : 0.1628    mrr@50 : 0.1687    mrr@100 : 0.1708    ndcg@10 : 0.0652    ndcg@20 : 0.0795    ndcg@50 : 0.1089    ndcg@100 : 0.1366    hit@10 : 0.3446    hit@20 : 0.4738    hit@50 : 0.6576    hit@100 : 0.8021    precision@10 : 0.0553    precision@20 : 0.0448    precision@50 : 0.0319    precision@100 : 0.0239
Wed 26 Nov 2025 02:33:43 INFO  Saving current: /scratch/jd5316/Capstone/Capstone/models/lightgcn_base/LightGCN-Nov-26-2025_02-23-41.pth
Wed 26 Nov 2025 02:33:48 INFO  epoch 45 training [time: 4.56s, train loss: 22.1756]
Wed 26 Nov 2025 02:33:56 INFO  epoch 45 evaluating [time: 8.08s, valid_score: 0.156900]
Wed 26 Nov 2025 02:33:56 INFO  valid result: 
recall@10 : 0.0558    recall@20 : 0.0898    recall@50 : 0.1589    recall@100 : 0.2375    mrr@10 : 0.1569    mrr@20 : 0.1656    mrr@50 : 0.1715    mrr@100 : 0.1736    ndcg@10 : 0.0661    ndcg@20 : 0.0805    ndcg@50 : 0.11    ndcg@100 : 0.1379    hit@10 : 0.3491    hit@20 : 0.4762    hit@50 : 0.6611    hit@100 : 0.8045    precision@10 : 0.0558    precision@20 : 0.0452    precision@50 : 0.0321    precision@100 : 0.0241
Wed 26 Nov 2025 02:33:56 INFO  Saving current: /scratch/jd5316/Capstone/Capstone/models/lightgcn_base/LightGCN-Nov-26-2025_02-23-41.pth
Wed 26 Nov 2025 02:34:01 INFO  epoch 46 training [time: 4.60s, train loss: 22.1712]
Wed 26 Nov 2025 02:34:45 INFO  epoch 46 evaluating [time: 44.30s, valid_score: 0.156900]
Wed 26 Nov 2025 02:34:45 INFO  valid result: 
recall@10 : 0.0559    recall@20 : 0.0903    recall@50 : 0.1603    recall@100 : 0.2393    mrr@10 : 0.1569    mrr@20 : 0.1659    mrr@50 : 0.1718    mrr@100 : 0.1738    ndcg@10 : 0.0662    ndcg@20 : 0.0808    ndcg@50 : 0.1107    ndcg@100 : 0.1387    hit@10 : 0.3506    hit@20 : 0.4804    hit@50 : 0.666    hit@100 : 0.8074    precision@10 : 0.056    precision@20 : 0.0455    precision@50 : 0.0324    precision@100 : 0.0242
Wed 26 Nov 2025 02:34:45 INFO  Saving current: /scratch/jd5316/Capstone/Capstone/models/lightgcn_base/LightGCN-Nov-26-2025_02-23-41.pth
Wed 26 Nov 2025 02:34:50 INFO  epoch 47 training [time: 4.60s, train loss: 21.8028]
Wed 26 Nov 2025 02:34:58 INFO  epoch 47 evaluating [time: 8.08s, valid_score: 0.158400]
Wed 26 Nov 2025 02:34:58 INFO  valid result: 
recall@10 : 0.0564    recall@20 : 0.0909    recall@50 : 0.1615    recall@100 : 0.2408    mrr@10 : 0.1584    mrr@20 : 0.1672    mrr@50 : 0.1732    mrr@100 : 0.1753    ndcg@10 : 0.0669    ndcg@20 : 0.0814    ndcg@50 : 0.1116    ndcg@100 : 0.1396    hit@10 : 0.3546    hit@20 : 0.4815    hit@50 : 0.6704    hit@100 : 0.8114    precision@10 : 0.0566    precision@20 : 0.0457    precision@50 : 0.0326    precision@100 : 0.0244
Wed 26 Nov 2025 02:34:58 INFO  Saving current: /scratch/jd5316/Capstone/Capstone/models/lightgcn_base/LightGCN-Nov-26-2025_02-23-41.pth
Wed 26 Nov 2025 02:35:02 INFO  epoch 48 training [time: 4.59s, train loss: 21.4691]
Wed 26 Nov 2025 02:35:11 INFO  epoch 48 evaluating [time: 8.03s, valid_score: 0.160500]
Wed 26 Nov 2025 02:35:11 INFO  valid result: 
recall@10 : 0.0569    recall@20 : 0.0917    recall@50 : 0.1626    recall@100 : 0.2426    mrr@10 : 0.1605    mrr@20 : 0.1692    mrr@50 : 0.1754    mrr@100 : 0.1774    ndcg@10 : 0.0675    ndcg@20 : 0.0822    ndcg@50 : 0.1126    ndcg@100 : 0.1409    hit@10 : 0.3582    hit@20 : 0.4828    hit@50 : 0.6734    hit@100 : 0.8136    precision@10 : 0.057    precision@20 : 0.0461    precision@50 : 0.0329    precision@100 : 0.0245
Wed 26 Nov 2025 02:35:11 INFO  Saving current: /scratch/jd5316/Capstone/Capstone/models/lightgcn_base/LightGCN-Nov-26-2025_02-23-41.pth
Wed 26 Nov 2025 02:35:15 INFO  epoch 49 training [time: 4.61s, train loss: 21.1515]
Wed 26 Nov 2025 02:35:23 INFO  epoch 49 evaluating [time: 8.01s, valid_score: 0.161600]
Wed 26 Nov 2025 02:35:23 INFO  valid result: 
recall@10 : 0.0577    recall@20 : 0.0924    recall@50 : 0.1634    recall@100 : 0.244    mrr@10 : 0.1616    mrr@20 : 0.1702    mrr@50 : 0.1764    mrr@100 : 0.1783    ndcg@10 : 0.0682    ndcg@20 : 0.0829    ndcg@50 : 0.1132    ndcg@100 : 0.1418    hit@10 : 0.3622    hit@20 : 0.487    hit@50 : 0.6768    hit@100 : 0.8146    precision@10 : 0.0577    precision@20 : 0.0464    precision@50 : 0.033    precision@100 : 0.0247
Wed 26 Nov 2025 02:35:23 INFO  Saving current: /scratch/jd5316/Capstone/Capstone/models/lightgcn_base/LightGCN-Nov-26-2025_02-23-41.pth
Wed 26 Nov 2025 02:35:28 INFO  epoch 50 training [time: 4.66s, train loss: 20.8493]
Wed 26 Nov 2025 02:35:36 INFO  epoch 50 evaluating [time: 8.02s, valid_score: 0.164000]
Wed 26 Nov 2025 02:35:36 INFO  valid result: 
recall@10 : 0.0584    recall@20 : 0.0935    recall@50 : 0.1651    recall@100 : 0.2457    mrr@10 : 0.164    mrr@20 : 0.1726    mrr@50 : 0.1787    mrr@100 : 0.1807    ndcg@10 : 0.0691    ndcg@20 : 0.0838    ndcg@50 : 0.1145    ndcg@100 : 0.143    hit@10 : 0.3664    hit@20 : 0.4919    hit@50 : 0.6795    hit@100 : 0.8182    precision@10 : 0.0583    precision@20 : 0.0469    precision@50 : 0.0333    precision@100 : 0.0248
Wed 26 Nov 2025 02:35:36 INFO  Saving current: /scratch/jd5316/Capstone/Capstone/models/lightgcn_base/LightGCN-Nov-26-2025_02-23-41.pth
Wed 26 Nov 2025 02:35:41 INFO  epoch 51 training [time: 4.57s, train loss: 20.6868]
Wed 26 Nov 2025 02:35:49 INFO  epoch 51 evaluating [time: 8.08s, valid_score: 0.164300]
Wed 26 Nov 2025 02:35:49 INFO  valid result: 
recall@10 : 0.0583    recall@20 : 0.0943    recall@50 : 0.1662    recall@100 : 0.2471    mrr@10 : 0.1643    mrr@20 : 0.1734    mrr@50 : 0.1794    mrr@100 : 0.1814    ndcg@10 : 0.0693    ndcg@20 : 0.0845    ndcg@50 : 0.1153    ndcg@100 : 0.144    hit@10 : 0.3634    hit@20 : 0.496    hit@50 : 0.6811    hit@100 : 0.8231    precision@10 : 0.0583    precision@20 : 0.0473    precision@50 : 0.0335    precision@100 : 0.025
Wed 26 Nov 2025 02:35:49 INFO  Saving current: /scratch/jd5316/Capstone/Capstone/models/lightgcn_base/LightGCN-Nov-26-2025_02-23-41.pth
Wed 26 Nov 2025 02:35:53 INFO  epoch 52 training [time: 4.59s, train loss: 20.5138]
Wed 26 Nov 2025 02:36:01 INFO  epoch 52 evaluating [time: 8.07s, valid_score: 0.167000]
Wed 26 Nov 2025 02:36:01 INFO  valid result: 
recall@10 : 0.0593    recall@20 : 0.0954    recall@50 : 0.1679    recall@100 : 0.2485    mrr@10 : 0.167    mrr@20 : 0.176    mrr@50 : 0.182    mrr@100 : 0.184    ndcg@10 : 0.0705    ndcg@20 : 0.0857    ndcg@50 : 0.1167    ndcg@100 : 0.1452    hit@10 : 0.3692    hit@20 : 0.5008    hit@50 : 0.6849    hit@100 : 0.823    precision@10 : 0.0593    precision@20 : 0.0479    precision@50 : 0.0339    precision@100 : 0.0251
Wed 26 Nov 2025 02:36:02 INFO  Saving current: /scratch/jd5316/Capstone/Capstone/models/lightgcn_base/LightGCN-Nov-26-2025_02-23-41.pth
Wed 26 Nov 2025 02:36:06 INFO  epoch 53 training [time: 4.58s, train loss: 20.1171]
Wed 26 Nov 2025 02:36:14 INFO  epoch 53 evaluating [time: 8.07s, valid_score: 0.169000]
Wed 26 Nov 2025 02:36:14 INFO  valid result: 
recall@10 : 0.0602    recall@20 : 0.0959    recall@50 : 0.169    recall@100 : 0.2502    mrr@10 : 0.169    mrr@20 : 0.1778    mrr@50 : 0.1838    mrr@100 : 0.1858    ndcg@10 : 0.0713    ndcg@20 : 0.0863    ndcg@50 : 0.1176    ndcg@100 : 0.1463    hit@10 : 0.374    hit@20 : 0.5019    hit@50 : 0.6862    hit@100 : 0.8256    precision@10 : 0.0602    precision@20 : 0.0481    precision@50 : 0.0341    precision@100 : 0.0253
Wed 26 Nov 2025 02:36:14 INFO  Saving current: /scratch/jd5316/Capstone/Capstone/models/lightgcn_base/LightGCN-Nov-26-2025_02-23-41.pth
Wed 26 Nov 2025 02:36:19 INFO  epoch 54 training [time: 4.63s, train loss: 19.8375]
Wed 26 Nov 2025 02:36:27 INFO  epoch 54 evaluating [time: 8.11s, valid_score: 0.169500]
Wed 26 Nov 2025 02:36:27 INFO  valid result: 
recall@10 : 0.0604    recall@20 : 0.0964    recall@50 : 0.1706    recall@100 : 0.2517    mrr@10 : 0.1695    mrr@20 : 0.1786    mrr@50 : 0.1848    mrr@100 : 0.1866    ndcg@10 : 0.0716    ndcg@20 : 0.0867    ndcg@50 : 0.1185    ndcg@100 : 0.1472    hit@10 : 0.373    hit@20 : 0.504    hit@50 : 0.6948    hit@100 : 0.8262    precision@10 : 0.0604    precision@20 : 0.0483    precision@50 : 0.0344    precision@100 : 0.0255
Wed 26 Nov 2025 02:36:27 INFO  Saving current: /scratch/jd5316/Capstone/Capstone/models/lightgcn_base/LightGCN-Nov-26-2025_02-23-41.pth
Wed 26 Nov 2025 02:36:32 INFO  epoch 55 training [time: 4.63s, train loss: 19.7865]
Wed 26 Nov 2025 02:36:40 INFO  epoch 55 evaluating [time: 8.13s, valid_score: 0.171400]
Wed 26 Nov 2025 02:36:40 INFO  valid result: 
recall@10 : 0.061    recall@20 : 0.0973    recall@50 : 0.1718    recall@100 : 0.2535    mrr@10 : 0.1714    mrr@20 : 0.1804    mrr@50 : 0.1865    mrr@100 : 0.1884    ndcg@10 : 0.0724    ndcg@20 : 0.0876    ndcg@50 : 0.1195    ndcg@100 : 0.1484    hit@10 : 0.3771    hit@20 : 0.508    hit@50 : 0.6972    hit@100 : 0.8306    precision@10 : 0.0609    precision@20 : 0.0489    precision@50 : 0.0346    precision@100 : 0.0257
Wed 26 Nov 2025 02:36:40 INFO  Saving current: /scratch/jd5316/Capstone/Capstone/models/lightgcn_base/LightGCN-Nov-26-2025_02-23-41.pth
Wed 26 Nov 2025 02:36:45 INFO  epoch 56 training [time: 4.59s, train loss: 19.4356]
Wed 26 Nov 2025 02:36:53 INFO  epoch 56 evaluating [time: 8.08s, valid_score: 0.173300]
Wed 26 Nov 2025 02:36:53 INFO  valid result: 
recall@10 : 0.0617    recall@20 : 0.0984    recall@50 : 0.1728    recall@100 : 0.2547    mrr@10 : 0.1733    mrr@20 : 0.1822    mrr@50 : 0.1882    mrr@100 : 0.1901    ndcg@10 : 0.0732    ndcg@20 : 0.0885    ndcg@50 : 0.1204    ndcg@100 : 0.1494    hit@10 : 0.3805    hit@20 : 0.5106    hit@50 : 0.6992    hit@100 : 0.8306    precision@10 : 0.0616    precision@20 : 0.0493    precision@50 : 0.0348    precision@100 : 0.0258
Wed 26 Nov 2025 02:36:53 INFO  Saving current: /scratch/jd5316/Capstone/Capstone/models/lightgcn_base/LightGCN-Nov-26-2025_02-23-41.pth
Wed 26 Nov 2025 02:36:57 INFO  epoch 57 training [time: 4.65s, train loss: 19.0866]
Wed 26 Nov 2025 02:37:06 INFO  epoch 57 evaluating [time: 8.10s, valid_score: 0.174200]
Wed 26 Nov 2025 02:37:06 INFO  valid result: 
recall@10 : 0.0621    recall@20 : 0.0987    recall@50 : 0.1735    recall@100 : 0.2566    mrr@10 : 0.1742    mrr@20 : 0.1833    mrr@50 : 0.1893    mrr@100 : 0.1913    ndcg@10 : 0.0736    ndcg@20 : 0.0889    ndcg@50 : 0.121    ndcg@100 : 0.1505    hit@10 : 0.3818    hit@20 : 0.5132    hit@50 : 0.6992    hit@100 : 0.8331    precision@10 : 0.062    precision@20 : 0.0495    precision@50 : 0.035    precision@100 : 0.026
Wed 26 Nov 2025 02:37:06 INFO  Saving current: /scratch/jd5316/Capstone/Capstone/models/lightgcn_base/LightGCN-Nov-26-2025_02-23-41.pth
Wed 26 Nov 2025 02:37:10 INFO  epoch 58 training [time: 4.59s, train loss: 18.9530]
Wed 26 Nov 2025 02:37:18 INFO  epoch 58 evaluating [time: 8.04s, valid_score: 0.176700]
Wed 26 Nov 2025 02:37:18 INFO  valid result: 
recall@10 : 0.0629    recall@20 : 0.1001    recall@50 : 0.1754    recall@100 : 0.2585    mrr@10 : 0.1767    mrr@20 : 0.1856    mrr@50 : 0.1917    mrr@100 : 0.1936    ndcg@10 : 0.0746    ndcg@20 : 0.0901    ndcg@50 : 0.1224    ndcg@100 : 0.1518    hit@10 : 0.3874    hit@20 : 0.5169    hit@50 : 0.7036    hit@100 : 0.8349    precision@10 : 0.0628    precision@20 : 0.0502    precision@50 : 0.0354    precision@100 : 0.0262
Wed 26 Nov 2025 02:37:18 INFO  Saving current: /scratch/jd5316/Capstone/Capstone/models/lightgcn_base/LightGCN-Nov-26-2025_02-23-41.pth
Wed 26 Nov 2025 02:37:23 INFO  epoch 59 training [time: 4.61s, train loss: 18.7906]
Wed 26 Nov 2025 02:37:35 INFO  epoch 59 evaluating [time: 12.47s, valid_score: 0.178300]
Wed 26 Nov 2025 02:37:35 INFO  valid result: 
recall@10 : 0.0635    recall@20 : 0.1008    recall@50 : 0.1767    recall@100 : 0.2602    mrr@10 : 0.1783    mrr@20 : 0.1874    mrr@50 : 0.1934    mrr@100 : 0.1953    ndcg@10 : 0.0754    ndcg@20 : 0.0909    ndcg@50 : 0.1234    ndcg@100 : 0.153    hit@10 : 0.389    hit@20 : 0.5205    hit@50 : 0.7071    hit@100 : 0.8375    precision@10 : 0.0634    precision@20 : 0.0505    precision@50 : 0.0356    precision@100 : 0.0263
Wed 26 Nov 2025 02:37:36 INFO  Saving current: /scratch/jd5316/Capstone/Capstone/models/lightgcn_base/LightGCN-Nov-26-2025_02-23-41.pth
Wed 26 Nov 2025 02:37:40 INFO  epoch 60 training [time: 4.58s, train loss: 18.5335]
Wed 26 Nov 2025 02:37:48 INFO  epoch 60 evaluating [time: 8.02s, valid_score: 0.179200]
Wed 26 Nov 2025 02:37:48 INFO  valid result: 
recall@10 : 0.0639    recall@20 : 0.1016    recall@50 : 0.1776    recall@100 : 0.2612    mrr@10 : 0.1792    mrr@20 : 0.1883    mrr@50 : 0.1943    mrr@100 : 0.1962    ndcg@10 : 0.0758    ndcg@20 : 0.0916    ndcg@50 : 0.1241    ndcg@100 : 0.1538    hit@10 : 0.3914    hit@20 : 0.5232    hit@50 : 0.7099    hit@100 : 0.8395    precision@10 : 0.0638    precision@20 : 0.0509    precision@50 : 0.0358    precision@100 : 0.0264
Wed 26 Nov 2025 02:37:48 INFO  Saving current: /scratch/jd5316/Capstone/Capstone/models/lightgcn_base/LightGCN-Nov-26-2025_02-23-41.pth
Wed 26 Nov 2025 02:37:53 INFO  epoch 61 training [time: 4.62s, train loss: 18.1001]
Wed 26 Nov 2025 02:38:01 INFO  epoch 61 evaluating [time: 8.15s, valid_score: 0.181000]
Wed 26 Nov 2025 02:38:01 INFO  valid result: 
recall@10 : 0.0646    recall@20 : 0.1024    recall@50 : 0.1785    recall@100 : 0.2632    mrr@10 : 0.181    mrr@20 : 0.1899    mrr@50 : 0.196    mrr@100 : 0.1979    ndcg@10 : 0.0766    ndcg@20 : 0.0922    ndcg@50 : 0.1249    ndcg@100 : 0.1549    hit@10 : 0.396    hit@20 : 0.5246    hit@50 : 0.7099    hit@100 : 0.8426    precision@10 : 0.0645    precision@20 : 0.0512    precision@50 : 0.036    precision@100 : 0.0266
Wed 26 Nov 2025 02:38:01 INFO  Saving current: /scratch/jd5316/Capstone/Capstone/models/lightgcn_base/LightGCN-Nov-26-2025_02-23-41.pth
Wed 26 Nov 2025 02:38:06 INFO  epoch 62 training [time: 4.61s, train loss: 17.9473]
Wed 26 Nov 2025 02:38:14 INFO  epoch 62 evaluating [time: 8.16s, valid_score: 0.181500]
Wed 26 Nov 2025 02:38:14 INFO  valid result: 
recall@10 : 0.0651    recall@20 : 0.1032    recall@50 : 0.1792    recall@100 : 0.2649    mrr@10 : 0.1815    mrr@20 : 0.1905    mrr@50 : 0.1966    mrr@100 : 0.1985    ndcg@10 : 0.077    ndcg@20 : 0.0929    ndcg@50 : 0.1255    ndcg@100 : 0.1559    hit@10 : 0.3964    hit@20 : 0.5251    hit@50 : 0.7129    hit@100 : 0.8456    precision@10 : 0.0649    precision@20 : 0.0516    precision@50 : 0.0361    precision@100 : 0.0268
Wed 26 Nov 2025 02:38:14 INFO  Saving current: /scratch/jd5316/Capstone/Capstone/models/lightgcn_base/LightGCN-Nov-26-2025_02-23-41.pth
Wed 26 Nov 2025 02:38:19 INFO  epoch 63 training [time: 4.58s, train loss: 17.5760]
Wed 26 Nov 2025 02:38:27 INFO  epoch 63 evaluating [time: 8.16s, valid_score: 0.182700]
Wed 26 Nov 2025 02:38:27 INFO  valid result: 
recall@10 : 0.0652    recall@20 : 0.1043    recall@50 : 0.1803    recall@100 : 0.2653    mrr@10 : 0.1827    mrr@20 : 0.192    mrr@50 : 0.198    mrr@100 : 0.1999    ndcg@10 : 0.0774    ndcg@20 : 0.0938    ndcg@50 : 0.1264    ndcg@100 : 0.1565    hit@10 : 0.3968    hit@20 : 0.5309    hit@50 : 0.7161    hit@100 : 0.8448    precision@10 : 0.065    precision@20 : 0.0522    precision@50 : 0.0364    precision@100 : 0.0268
Wed 26 Nov 2025 02:38:27 INFO  Saving current: /scratch/jd5316/Capstone/Capstone/models/lightgcn_base/LightGCN-Nov-26-2025_02-23-41.pth
Wed 26 Nov 2025 02:38:31 INFO  epoch 64 training [time: 4.60s, train loss: 17.5693]
Wed 26 Nov 2025 02:38:40 INFO  epoch 64 evaluating [time: 8.23s, valid_score: 0.185000]
Wed 26 Nov 2025 02:38:40 INFO  valid result: 
recall@10 : 0.0657    recall@20 : 0.1052    recall@50 : 0.1809    recall@100 : 0.2667    mrr@10 : 0.185    mrr@20 : 0.1942    mrr@50 : 0.2002    mrr@100 : 0.202    ndcg@10 : 0.0783    ndcg@20 : 0.0947    ndcg@50 : 0.1272    ndcg@100 : 0.1576    hit@10 : 0.4014    hit@20 : 0.5344    hit@50 : 0.7196    hit@100 : 0.8464    precision@10 : 0.0656    precision@20 : 0.0526    precision@50 : 0.0365    precision@100 : 0.027
Wed 26 Nov 2025 02:38:40 INFO  Saving current: /scratch/jd5316/Capstone/Capstone/models/lightgcn_base/LightGCN-Nov-26-2025_02-23-41.pth
Wed 26 Nov 2025 02:38:44 INFO  epoch 65 training [time: 4.58s, train loss: 17.2428]
Wed 26 Nov 2025 02:38:52 INFO  epoch 65 evaluating [time: 8.15s, valid_score: 0.185900]
Wed 26 Nov 2025 02:38:52 INFO  valid result: 
recall@10 : 0.0666    recall@20 : 0.106    recall@50 : 0.1824    recall@100 : 0.2685    mrr@10 : 0.1859    mrr@20 : 0.195    mrr@50 : 0.2009    mrr@100 : 0.2027    ndcg@10 : 0.079    ndcg@20 : 0.0953    ndcg@50 : 0.128    ndcg@100 : 0.1585    hit@10 : 0.4058    hit@20 : 0.5392    hit@50 : 0.7218    hit@100 : 0.8494    precision@10 : 0.0665    precision@20 : 0.053    precision@50 : 0.0367    precision@100 : 0.0271
Wed 26 Nov 2025 02:38:52 INFO  Saving current: /scratch/jd5316/Capstone/Capstone/models/lightgcn_base/LightGCN-Nov-26-2025_02-23-41.pth
Wed 26 Nov 2025 02:38:57 INFO  epoch 66 training [time: 4.59s, train loss: 17.0124]
Wed 26 Nov 2025 02:39:05 INFO  epoch 66 evaluating [time: 8.13s, valid_score: 0.186800]
Wed 26 Nov 2025 02:39:05 INFO  valid result: 
recall@10 : 0.067    recall@20 : 0.1062    recall@50 : 0.1838    recall@100 : 0.2696    mrr@10 : 0.1868    mrr@20 : 0.1961    mrr@50 : 0.2021    mrr@100 : 0.2039    ndcg@10 : 0.0795    ndcg@20 : 0.0957    ndcg@50 : 0.129    ndcg@100 : 0.1594    hit@10 : 0.4048    hit@20 : 0.5394    hit@50 : 0.727    hit@100 : 0.8505    precision@10 : 0.0668    precision@20 : 0.0531    precision@50 : 0.037    precision@100 : 0.0272
Wed 26 Nov 2025 02:39:05 INFO  Saving current: /scratch/jd5316/Capstone/Capstone/models/lightgcn_base/LightGCN-Nov-26-2025_02-23-41.pth
Wed 26 Nov 2025 02:39:10 INFO  epoch 67 training [time: 4.97s, train loss: 16.7576]
Wed 26 Nov 2025 02:39:18 INFO  epoch 67 evaluating [time: 8.09s, valid_score: 0.188000]
Wed 26 Nov 2025 02:39:18 INFO  valid result: 
recall@10 : 0.0677    recall@20 : 0.1068    recall@50 : 0.1853    recall@100 : 0.2716    mrr@10 : 0.188    mrr@20 : 0.1971    mrr@50 : 0.2032    mrr@100 : 0.205    ndcg@10 : 0.0801    ndcg@20 : 0.0962    ndcg@50 : 0.1299    ndcg@100 : 0.1604    hit@10 : 0.409    hit@20 : 0.5404    hit@50 : 0.7305    hit@100 : 0.8542    precision@10 : 0.0676    precision@20 : 0.0533    precision@50 : 0.0373    precision@100 : 0.0274
Wed 26 Nov 2025 02:39:18 INFO  Saving current: /scratch/jd5316/Capstone/Capstone/models/lightgcn_base/LightGCN-Nov-26-2025_02-23-41.pth
Wed 26 Nov 2025 02:39:23 INFO  epoch 68 training [time: 4.58s, train loss: 16.5908]
Wed 26 Nov 2025 02:39:31 INFO  epoch 68 evaluating [time: 8.13s, valid_score: 0.188800]
Wed 26 Nov 2025 02:39:31 INFO  valid result: 
recall@10 : 0.0679    recall@20 : 0.1074    recall@50 : 0.186    recall@100 : 0.272    mrr@10 : 0.1888    mrr@20 : 0.198    mrr@50 : 0.2041    mrr@100 : 0.2059    ndcg@10 : 0.0804    ndcg@20 : 0.0967    ndcg@50 : 0.1304    ndcg@100 : 0.1608    hit@10 : 0.4101    hit@20 : 0.543    hit@50 : 0.7314    hit@100 : 0.8558    precision@10 : 0.0678    precision@20 : 0.0537    precision@50 : 0.0374    precision@100 : 0.0275
Wed 26 Nov 2025 02:39:31 INFO  Saving current: /scratch/jd5316/Capstone/Capstone/models/lightgcn_base/LightGCN-Nov-26-2025_02-23-41.pth
Wed 26 Nov 2025 02:39:36 INFO  epoch 69 training [time: 4.58s, train loss: 16.4421]
Wed 26 Nov 2025 02:39:44 INFO  epoch 69 evaluating [time: 8.14s, valid_score: 0.188100]
Wed 26 Nov 2025 02:39:44 INFO  valid result: 
recall@10 : 0.0679    recall@20 : 0.1075    recall@50 : 0.1871    recall@100 : 0.273    mrr@10 : 0.1881    mrr@20 : 0.1974    mrr@50 : 0.2035    mrr@100 : 0.2052    ndcg@10 : 0.0803    ndcg@20 : 0.0967    ndcg@50 : 0.1308    ndcg@100 : 0.1613    hit@10 : 0.4099    hit@20 : 0.5441    hit@50 : 0.7332    hit@100 : 0.8572    precision@10 : 0.0678    precision@20 : 0.0538    precision@50 : 0.0377    precision@100 : 0.0276
Wed 26 Nov 2025 02:39:49 INFO  epoch 70 training [time: 4.62s, train loss: 16.3095]
Wed 26 Nov 2025 02:39:57 INFO  epoch 70 evaluating [time: 8.09s, valid_score: 0.189500]
Wed 26 Nov 2025 02:39:57 INFO  valid result: 
recall@10 : 0.0683    recall@20 : 0.1092    recall@50 : 0.1884    recall@100 : 0.274    mrr@10 : 0.1895    mrr@20 : 0.1991    mrr@50 : 0.205    mrr@100 : 0.2068    ndcg@10 : 0.0808    ndcg@20 : 0.0979    ndcg@50 : 0.1318    ndcg@100 : 0.1621    hit@10 : 0.4108    hit@20 : 0.5509    hit@50 : 0.7365    hit@100 : 0.8581    precision@10 : 0.0681    precision@20 : 0.0545    precision@50 : 0.0379    precision@100 : 0.0277
Wed 26 Nov 2025 02:39:57 INFO  Saving current: /scratch/jd5316/Capstone/Capstone/models/lightgcn_base/LightGCN-Nov-26-2025_02-23-41.pth
Wed 26 Nov 2025 02:40:01 INFO  epoch 71 training [time: 4.61s, train loss: 15.9833]
Wed 26 Nov 2025 02:40:10 INFO  epoch 71 evaluating [time: 8.14s, valid_score: 0.189900]
Wed 26 Nov 2025 02:40:10 INFO  valid result: 
recall@10 : 0.0691    recall@20 : 0.1093    recall@50 : 0.1888    recall@100 : 0.2748    mrr@10 : 0.1899    mrr@20 : 0.1995    mrr@50 : 0.2054    mrr@100 : 0.2072    ndcg@10 : 0.0814    ndcg@20 : 0.0981    ndcg@50 : 0.1321    ndcg@100 : 0.1627    hit@10 : 0.4124    hit@20 : 0.5519    hit@50 : 0.7358    hit@100 : 0.8572    precision@10 : 0.0688    precision@20 : 0.0546    precision@50 : 0.038    precision@100 : 0.0278
Wed 26 Nov 2025 02:40:10 INFO  Saving current: /scratch/jd5316/Capstone/Capstone/models/lightgcn_base/LightGCN-Nov-26-2025_02-23-41.pth
Wed 26 Nov 2025 02:40:14 INFO  epoch 72 training [time: 4.57s, train loss: 15.7817]
Wed 26 Nov 2025 02:40:23 INFO  epoch 72 evaluating [time: 8.33s, valid_score: 0.190200]
Wed 26 Nov 2025 02:40:23 INFO  valid result: 
recall@10 : 0.0694    recall@20 : 0.1097    recall@50 : 0.1894    recall@100 : 0.2761    mrr@10 : 0.1902    mrr@20 : 0.1999    mrr@50 : 0.2058    mrr@100 : 0.2076    ndcg@10 : 0.0817    ndcg@20 : 0.0985    ndcg@50 : 0.1326    ndcg@100 : 0.1633    hit@10 : 0.4151    hit@20 : 0.5548    hit@50 : 0.7376    hit@100 : 0.8611    precision@10 : 0.0691    precision@20 : 0.0548    precision@50 : 0.0382    precision@100 : 0.0279
Wed 26 Nov 2025 02:40:23 INFO  Saving current: /scratch/jd5316/Capstone/Capstone/models/lightgcn_base/LightGCN-Nov-26-2025_02-23-41.pth
Wed 26 Nov 2025 02:40:27 INFO  epoch 73 training [time: 4.59s, train loss: 15.5547]
Wed 26 Nov 2025 02:40:35 INFO  epoch 73 evaluating [time: 8.09s, valid_score: 0.192600]
Wed 26 Nov 2025 02:40:35 INFO  valid result: 
recall@10 : 0.0698    recall@20 : 0.1103    recall@50 : 0.1899    recall@100 : 0.2776    mrr@10 : 0.1926    mrr@20 : 0.2019    mrr@50 : 0.208    mrr@100 : 0.2097    ndcg@10 : 0.0823    ndcg@20 : 0.0992    ndcg@50 : 0.1333    ndcg@100 : 0.1644    hit@10 : 0.4188    hit@20 : 0.5541    hit@50 : 0.7409    hit@100 : 0.8629    precision@10 : 0.0694    precision@20 : 0.0551    precision@50 : 0.0382    precision@100 : 0.028
Wed 26 Nov 2025 02:40:35 INFO  Saving current: /scratch/jd5316/Capstone/Capstone/models/lightgcn_base/LightGCN-Nov-26-2025_02-23-41.pth
Wed 26 Nov 2025 02:40:40 INFO  epoch 74 training [time: 4.58s, train loss: 15.5397]
Wed 26 Nov 2025 02:40:48 INFO  epoch 74 evaluating [time: 8.10s, valid_score: 0.193600]
Wed 26 Nov 2025 02:40:48 INFO  valid result: 
recall@10 : 0.0701    recall@20 : 0.1108    recall@50 : 0.1905    recall@100 : 0.2784    mrr@10 : 0.1936    mrr@20 : 0.2028    mrr@50 : 0.2089    mrr@100 : 0.2107    ndcg@10 : 0.0828    ndcg@20 : 0.0997    ndcg@50 : 0.1338    ndcg@100 : 0.1649    hit@10 : 0.4218    hit@20 : 0.5541    hit@50 : 0.742    hit@100 : 0.8634    precision@10 : 0.0698    precision@20 : 0.0553    precision@50 : 0.0384    precision@100 : 0.0281
Wed 26 Nov 2025 02:40:48 INFO  Saving current: /scratch/jd5316/Capstone/Capstone/models/lightgcn_base/LightGCN-Nov-26-2025_02-23-41.pth
Wed 26 Nov 2025 02:40:53 INFO  epoch 75 training [time: 4.57s, train loss: 15.3742]
Wed 26 Nov 2025 02:41:01 INFO  epoch 75 evaluating [time: 8.15s, valid_score: 0.194700]
Wed 26 Nov 2025 02:41:01 INFO  valid result: 
recall@10 : 0.0706    recall@20 : 0.1117    recall@50 : 0.1912    recall@100 : 0.2791    mrr@10 : 0.1947    mrr@20 : 0.204    mrr@50 : 0.2099    mrr@100 : 0.2117    ndcg@10 : 0.0833    ndcg@20 : 0.1004    ndcg@50 : 0.1344    ndcg@100 : 0.1656    hit@10 : 0.4246    hit@20 : 0.5585    hit@50 : 0.7419    hit@100 : 0.864    precision@10 : 0.0703    precision@20 : 0.0557    precision@50 : 0.0385    precision@100 : 0.0282
Wed 26 Nov 2025 02:41:01 INFO  Saving current: /scratch/jd5316/Capstone/Capstone/models/lightgcn_base/LightGCN-Nov-26-2025_02-23-41.pth
Wed 26 Nov 2025 02:41:06 INFO  epoch 76 training [time: 4.58s, train loss: 15.0683]
Wed 26 Nov 2025 02:41:14 INFO  epoch 76 evaluating [time: 8.09s, valid_score: 0.195400]
Wed 26 Nov 2025 02:41:14 INFO  valid result: 
recall@10 : 0.071    recall@20 : 0.1119    recall@50 : 0.1923    recall@100 : 0.2808    mrr@10 : 0.1954    mrr@20 : 0.2049    mrr@50 : 0.2108    mrr@100 : 0.2126    ndcg@10 : 0.0836    ndcg@20 : 0.1007    ndcg@50 : 0.1351    ndcg@100 : 0.1665    hit@10 : 0.4248    hit@20 : 0.5615    hit@50 : 0.7439    hit@100 : 0.8676    precision@10 : 0.0705    precision@20 : 0.0558    precision@50 : 0.0387    precision@100 : 0.0283
Wed 26 Nov 2025 02:41:14 INFO  Saving current: /scratch/jd5316/Capstone/Capstone/models/lightgcn_base/LightGCN-Nov-26-2025_02-23-41.pth
Wed 26 Nov 2025 02:41:19 INFO  epoch 77 training [time: 4.68s, train loss: 14.9012]
Wed 26 Nov 2025 02:41:27 INFO  epoch 77 evaluating [time: 8.12s, valid_score: 0.195900]
Wed 26 Nov 2025 02:41:27 INFO  valid result: 
recall@10 : 0.0714    recall@20 : 0.1125    recall@50 : 0.1935    recall@100 : 0.2818    mrr@10 : 0.1959    mrr@20 : 0.2053    mrr@50 : 0.2112    mrr@100 : 0.213    ndcg@10 : 0.084    ndcg@20 : 0.1011    ndcg@50 : 0.1358    ndcg@100 : 0.1671    hit@10 : 0.4269    hit@20 : 0.564    hit@50 : 0.7451    hit@100 : 0.8688    precision@10 : 0.071    precision@20 : 0.0561    precision@50 : 0.0389    precision@100 : 0.0284
Wed 26 Nov 2025 02:41:27 INFO  Saving current: /scratch/jd5316/Capstone/Capstone/models/lightgcn_base/LightGCN-Nov-26-2025_02-23-41.pth
Wed 26 Nov 2025 02:41:31 INFO  epoch 78 training [time: 4.59s, train loss: 14.7055]
Wed 26 Nov 2025 02:41:39 INFO  epoch 78 evaluating [time: 8.12s, valid_score: 0.196500]
Wed 26 Nov 2025 02:41:39 INFO  valid result: 
recall@10 : 0.0716    recall@20 : 0.113    recall@50 : 0.1942    recall@100 : 0.2831    mrr@10 : 0.1965    mrr@20 : 0.2059    mrr@50 : 0.2118    mrr@100 : 0.2136    ndcg@10 : 0.0843    ndcg@20 : 0.1016    ndcg@50 : 0.1363    ndcg@100 : 0.1678    hit@10 : 0.4292    hit@20 : 0.5665    hit@50 : 0.7479    hit@100 : 0.871    precision@10 : 0.0712    precision@20 : 0.0563    precision@50 : 0.039    precision@100 : 0.0286
Wed 26 Nov 2025 02:41:40 INFO  Saving current: /scratch/jd5316/Capstone/Capstone/models/lightgcn_base/LightGCN-Nov-26-2025_02-23-41.pth
Wed 26 Nov 2025 02:41:44 INFO  epoch 79 training [time: 4.58s, train loss: 14.5563]
Wed 26 Nov 2025 02:41:52 INFO  epoch 79 evaluating [time: 8.11s, valid_score: 0.197300]
Wed 26 Nov 2025 02:41:52 INFO  valid result: 
recall@10 : 0.0719    recall@20 : 0.1133    recall@50 : 0.1951    recall@100 : 0.2842    mrr@10 : 0.1973    mrr@20 : 0.2067    mrr@50 : 0.2127    mrr@100 : 0.2144    ndcg@10 : 0.0847    ndcg@20 : 0.1019    ndcg@50 : 0.1369    ndcg@100 : 0.1685    hit@10 : 0.431    hit@20 : 0.5669    hit@50 : 0.751    hit@100 : 0.8722    precision@10 : 0.0715    precision@20 : 0.0565    precision@50 : 0.0392    precision@100 : 0.0287
Wed 26 Nov 2025 02:41:52 INFO  Saving current: /scratch/jd5316/Capstone/Capstone/models/lightgcn_base/LightGCN-Nov-26-2025_02-23-41.pth
Wed 26 Nov 2025 02:41:57 INFO  epoch 80 training [time: 4.60s, train loss: 14.4245]
Wed 26 Nov 2025 02:42:05 INFO  epoch 80 evaluating [time: 8.14s, valid_score: 0.199100]
Wed 26 Nov 2025 02:42:05 INFO  valid result: 
recall@10 : 0.0725    recall@20 : 0.1139    recall@50 : 0.1959    recall@100 : 0.2851    mrr@10 : 0.1991    mrr@20 : 0.2084    mrr@50 : 0.2143    mrr@100 : 0.2161    ndcg@10 : 0.0854    ndcg@20 : 0.1026    ndcg@50 : 0.1376    ndcg@100 : 0.1692    hit@10 : 0.434    hit@20 : 0.5694    hit@50 : 0.7536    hit@100 : 0.8726    precision@10 : 0.0721    precision@20 : 0.0568    precision@50 : 0.0394    precision@100 : 0.0288
Wed 26 Nov 2025 02:42:05 INFO  Saving current: /scratch/jd5316/Capstone/Capstone/models/lightgcn_base/LightGCN-Nov-26-2025_02-23-41.pth
Wed 26 Nov 2025 02:42:10 INFO  epoch 81 training [time: 4.62s, train loss: 14.1896]
Wed 26 Nov 2025 02:42:18 INFO  epoch 81 evaluating [time: 8.38s, valid_score: 0.200500]
Wed 26 Nov 2025 02:42:18 INFO  valid result: 
recall@10 : 0.0727    recall@20 : 0.1143    recall@50 : 0.1968    recall@100 : 0.2857    mrr@10 : 0.2005    mrr@20 : 0.2102    mrr@50 : 0.2161    mrr@100 : 0.2178    ndcg@10 : 0.0859    ndcg@20 : 0.1032    ndcg@50 : 0.1385    ndcg@100 : 0.1699    hit@10 : 0.4314    hit@20 : 0.5701    hit@50 : 0.7554    hit@100 : 0.8739    precision@10 : 0.0723    precision@20 : 0.057    precision@50 : 0.0396    precision@100 : 0.0288
Wed 26 Nov 2025 02:42:18 INFO  Saving current: /scratch/jd5316/Capstone/Capstone/models/lightgcn_base/LightGCN-Nov-26-2025_02-23-41.pth
Wed 26 Nov 2025 02:42:23 INFO  epoch 82 training [time: 4.57s, train loss: 13.9979]
Wed 26 Nov 2025 02:42:31 INFO  epoch 82 evaluating [time: 8.01s, valid_score: 0.200800]
Wed 26 Nov 2025 02:42:31 INFO  valid result: 
recall@10 : 0.073    recall@20 : 0.115    recall@50 : 0.1973    recall@100 : 0.2863    mrr@10 : 0.2008    mrr@20 : 0.2106    mrr@50 : 0.2165    mrr@100 : 0.2182    ndcg@10 : 0.0861    ndcg@20 : 0.1036    ndcg@50 : 0.1388    ndcg@100 : 0.1703    hit@10 : 0.4304    hit@20 : 0.5726    hit@50 : 0.7551    hit@100 : 0.8755    precision@10 : 0.0724    precision@20 : 0.0574    precision@50 : 0.0397    precision@100 : 0.0289
Wed 26 Nov 2025 02:42:31 INFO  Saving current: /scratch/jd5316/Capstone/Capstone/models/lightgcn_base/LightGCN-Nov-26-2025_02-23-41.pth
Wed 26 Nov 2025 02:42:36 INFO  epoch 83 training [time: 4.62s, train loss: 13.8390]
Wed 26 Nov 2025 02:42:44 INFO  epoch 83 evaluating [time: 8.04s, valid_score: 0.201800]
Wed 26 Nov 2025 02:42:44 INFO  valid result: 
recall@10 : 0.0732    recall@20 : 0.115    recall@50 : 0.1978    recall@100 : 0.2872    mrr@10 : 0.2018    mrr@20 : 0.2114    mrr@50 : 0.2174    mrr@100 : 0.2191    ndcg@10 : 0.0865    ndcg@20 : 0.1038    ndcg@50 : 0.1392    ndcg@100 : 0.1709    hit@10 : 0.4326    hit@20 : 0.571    hit@50 : 0.7562    hit@100 : 0.8754    precision@10 : 0.0727    precision@20 : 0.0573    precision@50 : 0.0398    precision@100 : 0.029
Wed 26 Nov 2025 02:42:44 INFO  Saving current: /scratch/jd5316/Capstone/Capstone/models/lightgcn_base/LightGCN-Nov-26-2025_02-23-41.pth
Wed 26 Nov 2025 02:42:49 INFO  epoch 84 training [time: 4.66s, train loss: 13.8651]
Wed 26 Nov 2025 02:42:57 INFO  epoch 84 evaluating [time: 8.03s, valid_score: 0.201700]
Wed 26 Nov 2025 02:42:57 INFO  valid result: 
recall@10 : 0.0736    recall@20 : 0.1158    recall@50 : 0.1985    recall@100 : 0.2878    mrr@10 : 0.2017    mrr@20 : 0.2112    mrr@50 : 0.2172    mrr@100 : 0.2189    ndcg@10 : 0.0867    ndcg@20 : 0.1042    ndcg@50 : 0.1397    ndcg@100 : 0.1713    hit@10 : 0.4346    hit@20 : 0.5734    hit@50 : 0.758    hit@100 : 0.8764    precision@10 : 0.073    precision@20 : 0.0577    precision@50 : 0.0399    precision@100 : 0.029
Wed 26 Nov 2025 02:43:01 INFO  epoch 85 training [time: 4.61s, train loss: 13.6253]
Wed 26 Nov 2025 02:43:09 INFO  epoch 85 evaluating [time: 8.02s, valid_score: 0.202600]
Wed 26 Nov 2025 02:43:09 INFO  valid result: 
recall@10 : 0.0739    recall@20 : 0.1159    recall@50 : 0.1987    recall@100 : 0.2887    mrr@10 : 0.2026    mrr@20 : 0.212    mrr@50 : 0.2179    mrr@100 : 0.2197    ndcg@10 : 0.087    ndcg@20 : 0.1044    ndcg@50 : 0.1399    ndcg@100 : 0.1718    hit@10 : 0.4379    hit@20 : 0.574    hit@50 : 0.7586    hit@100 : 0.8792    precision@10 : 0.0733    precision@20 : 0.0577    precision@50 : 0.0399    precision@100 : 0.0291
Wed 26 Nov 2025 02:43:09 INFO  Saving current: /scratch/jd5316/Capstone/Capstone/models/lightgcn_base/LightGCN-Nov-26-2025_02-23-41.pth
Wed 26 Nov 2025 02:43:14 INFO  epoch 86 training [time: 4.59s, train loss: 13.4956]
Wed 26 Nov 2025 02:43:22 INFO  epoch 86 evaluating [time: 8.15s, valid_score: 0.202800]
Wed 26 Nov 2025 02:43:22 INFO  valid result: 
recall@10 : 0.074    recall@20 : 0.1156    recall@50 : 0.1992    recall@100 : 0.2894    mrr@10 : 0.2028    mrr@20 : 0.2123    mrr@50 : 0.2183    mrr@100 : 0.22    ndcg@10 : 0.0871    ndcg@20 : 0.1044    ndcg@50 : 0.1402    ndcg@100 : 0.1722    hit@10 : 0.4371    hit@20 : 0.5735    hit@50 : 0.7599    hit@100 : 0.877    precision@10 : 0.0732    precision@20 : 0.0576    precision@50 : 0.04    precision@100 : 0.0292
Wed 26 Nov 2025 02:43:22 INFO  Saving current: /scratch/jd5316/Capstone/Capstone/models/lightgcn_base/LightGCN-Nov-26-2025_02-23-41.pth
Wed 26 Nov 2025 02:43:27 INFO  epoch 87 training [time: 4.61s, train loss: 13.3440]
Wed 26 Nov 2025 02:43:35 INFO  epoch 87 evaluating [time: 8.14s, valid_score: 0.201900]
Wed 26 Nov 2025 02:43:35 INFO  valid result: 
recall@10 : 0.0743    recall@20 : 0.1164    recall@50 : 0.1999    recall@100 : 0.2903    mrr@10 : 0.2019    mrr@20 : 0.2116    mrr@50 : 0.2175    mrr@100 : 0.2192    ndcg@10 : 0.0871    ndcg@20 : 0.1047    ndcg@50 : 0.1404    ndcg@100 : 0.1724    hit@10 : 0.438    hit@20 : 0.5768    hit@50 : 0.7608    hit@100 : 0.878    precision@10 : 0.0735    precision@20 : 0.058    precision@50 : 0.0402    precision@100 : 0.0293
Wed 26 Nov 2025 02:43:40 INFO  epoch 88 training [time: 4.60s, train loss: 13.2772]
Wed 26 Nov 2025 02:43:48 INFO  epoch 88 evaluating [time: 8.12s, valid_score: 0.203000]
Wed 26 Nov 2025 02:43:48 INFO  valid result: 
recall@10 : 0.0748    recall@20 : 0.1168    recall@50 : 0.2004    recall@100 : 0.2913    mrr@10 : 0.203    mrr@20 : 0.2125    mrr@50 : 0.2184    mrr@100 : 0.2202    ndcg@10 : 0.0876    ndcg@20 : 0.105    ndcg@50 : 0.1409    ndcg@100 : 0.1731    hit@10 : 0.4408    hit@20 : 0.5786    hit@50 : 0.7609    hit@100 : 0.879    precision@10 : 0.074    precision@20 : 0.0581    precision@50 : 0.0403    precision@100 : 0.0294
Wed 26 Nov 2025 02:43:48 INFO  Saving current: /scratch/jd5316/Capstone/Capstone/models/lightgcn_base/LightGCN-Nov-26-2025_02-23-41.pth
Wed 26 Nov 2025 02:43:52 INFO  epoch 89 training [time: 4.60s, train loss: 13.0170]
Wed 26 Nov 2025 02:44:01 INFO  epoch 89 evaluating [time: 8.17s, valid_score: 0.204300]
Wed 26 Nov 2025 02:44:01 INFO  valid result: 
recall@10 : 0.075    recall@20 : 0.1171    recall@50 : 0.2015    recall@100 : 0.2918    mrr@10 : 0.2043    mrr@20 : 0.2138    mrr@50 : 0.2198    mrr@100 : 0.2215    ndcg@10 : 0.088    ndcg@20 : 0.1055    ndcg@50 : 0.1416    ndcg@100 : 0.1737    hit@10 : 0.441    hit@20 : 0.5776    hit@50 : 0.765    hit@100 : 0.8782    precision@10 : 0.0743    precision@20 : 0.0583    precision@50 : 0.0405    precision@100 : 0.0294
Wed 26 Nov 2025 02:44:01 INFO  Saving current: /scratch/jd5316/Capstone/Capstone/models/lightgcn_base/LightGCN-Nov-26-2025_02-23-41.pth
Wed 26 Nov 2025 02:44:05 INFO  epoch 90 training [time: 4.61s, train loss: 12.9047]
Wed 26 Nov 2025 02:44:13 INFO  epoch 90 evaluating [time: 8.14s, valid_score: 0.205300]
Wed 26 Nov 2025 02:44:13 INFO  valid result: 
recall@10 : 0.0748    recall@20 : 0.117    recall@50 : 0.202    recall@100 : 0.2929    mrr@10 : 0.2053    mrr@20 : 0.2148    mrr@50 : 0.221    mrr@100 : 0.2227    ndcg@10 : 0.0881    ndcg@20 : 0.1057    ndcg@50 : 0.1421    ndcg@100 : 0.1743    hit@10 : 0.4405    hit@20 : 0.5772    hit@50 : 0.7669    hit@100 : 0.8801    precision@10 : 0.0741    precision@20 : 0.0582    precision@50 : 0.0405    precision@100 : 0.0295
Wed 26 Nov 2025 02:44:13 INFO  Saving current: /scratch/jd5316/Capstone/Capstone/models/lightgcn_base/LightGCN-Nov-26-2025_02-23-41.pth
Wed 26 Nov 2025 02:44:18 INFO  epoch 91 training [time: 4.60s, train loss: 12.8279]
Wed 26 Nov 2025 02:44:26 INFO  epoch 91 evaluating [time: 8.17s, valid_score: 0.206200]
Wed 26 Nov 2025 02:44:26 INFO  valid result: 
recall@10 : 0.0751    recall@20 : 0.1176    recall@50 : 0.2023    recall@100 : 0.294    mrr@10 : 0.2062    mrr@20 : 0.2157    mrr@50 : 0.2218    mrr@100 : 0.2234    ndcg@10 : 0.0884    ndcg@20 : 0.1061    ndcg@50 : 0.1423    ndcg@100 : 0.1749    hit@10 : 0.4436    hit@20 : 0.5814    hit@50 : 0.7689    hit@100 : 0.8826    precision@10 : 0.0744    precision@20 : 0.0585    precision@50 : 0.0406    precision@100 : 0.0297
Wed 26 Nov 2025 02:44:26 INFO  Saving current: /scratch/jd5316/Capstone/Capstone/models/lightgcn_base/LightGCN-Nov-26-2025_02-23-41.pth
Wed 26 Nov 2025 02:44:31 INFO  epoch 92 training [time: 4.60s, train loss: 12.6607]
Wed 26 Nov 2025 02:44:39 INFO  epoch 92 evaluating [time: 8.13s, valid_score: 0.205500]
Wed 26 Nov 2025 02:44:39 INFO  valid result: 
recall@10 : 0.0754    recall@20 : 0.1182    recall@50 : 0.2034    recall@100 : 0.2945    mrr@10 : 0.2055    mrr@20 : 0.2152    mrr@50 : 0.2212    mrr@100 : 0.2229    ndcg@10 : 0.0885    ndcg@20 : 0.1063    ndcg@50 : 0.1428    ndcg@100 : 0.1751    hit@10 : 0.4435    hit@20 : 0.5835    hit@50 : 0.7686    hit@100 : 0.8836    precision@10 : 0.0746    precision@20 : 0.0588    precision@50 : 0.0408    precision@100 : 0.0297
Wed 26 Nov 2025 02:44:44 INFO  epoch 93 training [time: 4.59s, train loss: 12.5116]
Wed 26 Nov 2025 02:44:52 INFO  epoch 93 evaluating [time: 8.12s, valid_score: 0.207100]
Wed 26 Nov 2025 02:44:52 INFO  valid result: 
recall@10 : 0.0754    recall@20 : 0.1183    recall@50 : 0.2036    recall@100 : 0.2949    mrr@10 : 0.2071    mrr@20 : 0.2167    mrr@50 : 0.2228    mrr@100 : 0.2245    ndcg@10 : 0.0887    ndcg@20 : 0.1066    ndcg@50 : 0.1432    ndcg@100 : 0.1756    hit@10 : 0.4446    hit@20 : 0.583    hit@50 : 0.7706    hit@100 : 0.8831    precision@10 : 0.0746    precision@20 : 0.0588    precision@50 : 0.0409    precision@100 : 0.0298
Wed 26 Nov 2025 02:44:52 INFO  Saving current: /scratch/jd5316/Capstone/Capstone/models/lightgcn_base/LightGCN-Nov-26-2025_02-23-41.pth
Wed 26 Nov 2025 02:44:56 INFO  epoch 94 training [time: 4.58s, train loss: 12.3935]
Wed 26 Nov 2025 02:45:05 INFO  epoch 94 evaluating [time: 8.14s, valid_score: 0.207300]
Wed 26 Nov 2025 02:45:05 INFO  valid result: 
recall@10 : 0.0758    recall@20 : 0.1194    recall@50 : 0.2044    recall@100 : 0.296    mrr@10 : 0.2073    mrr@20 : 0.217    mrr@50 : 0.223    mrr@100 : 0.2246    ndcg@10 : 0.0891    ndcg@20 : 0.1073    ndcg@50 : 0.1438    ndcg@100 : 0.1762    hit@10 : 0.4454    hit@20 : 0.5858    hit@50 : 0.773    hit@100 : 0.8851    precision@10 : 0.075    precision@20 : 0.0593    precision@50 : 0.0411    precision@100 : 0.0299
Wed 26 Nov 2025 02:45:05 INFO  Saving current: /scratch/jd5316/Capstone/Capstone/models/lightgcn_base/LightGCN-Nov-26-2025_02-23-41.pth
Wed 26 Nov 2025 02:45:09 INFO  epoch 95 training [time: 4.57s, train loss: 12.2850]
Wed 26 Nov 2025 02:45:17 INFO  epoch 95 evaluating [time: 8.13s, valid_score: 0.208400]
Wed 26 Nov 2025 02:45:17 INFO  valid result: 
recall@10 : 0.0762    recall@20 : 0.1194    recall@50 : 0.2047    recall@100 : 0.2965    mrr@10 : 0.2084    mrr@20 : 0.2178    mrr@50 : 0.2239    mrr@100 : 0.2255    ndcg@10 : 0.0895    ndcg@20 : 0.1075    ndcg@50 : 0.144    ndcg@100 : 0.1765    hit@10 : 0.4496    hit@20 : 0.5864    hit@50 : 0.773    hit@100 : 0.8871    precision@10 : 0.0755    precision@20 : 0.0594    precision@50 : 0.0411    precision@100 : 0.0299
Wed 26 Nov 2025 02:45:17 INFO  Saving current: /scratch/jd5316/Capstone/Capstone/models/lightgcn_base/LightGCN-Nov-26-2025_02-23-41.pth
Wed 26 Nov 2025 02:45:22 INFO  epoch 96 training [time: 4.63s, train loss: 12.1428]
Wed 26 Nov 2025 02:45:30 INFO  epoch 96 evaluating [time: 8.16s, valid_score: 0.207800]
Wed 26 Nov 2025 02:45:30 INFO  valid result: 
recall@10 : 0.0762    recall@20 : 0.12    recall@50 : 0.2053    recall@100 : 0.2967    mrr@10 : 0.2078    mrr@20 : 0.2174    mrr@50 : 0.2234    mrr@100 : 0.225    ndcg@10 : 0.0895    ndcg@20 : 0.1078    ndcg@50 : 0.1443    ndcg@100 : 0.1767    hit@10 : 0.449    hit@20 : 0.5894    hit@50 : 0.7726    hit@100 : 0.8859    precision@10 : 0.0754    precision@20 : 0.0597    precision@50 : 0.0412    precision@100 : 0.0299
Wed 26 Nov 2025 02:45:35 INFO  epoch 97 training [time: 4.59s, train loss: 11.9675]
Wed 26 Nov 2025 02:45:43 INFO  epoch 97 evaluating [time: 8.10s, valid_score: 0.209900]
Wed 26 Nov 2025 02:45:43 INFO  valid result: 
recall@10 : 0.0769    recall@20 : 0.1202    recall@50 : 0.2056    recall@100 : 0.2973    mrr@10 : 0.2099    mrr@20 : 0.2195    mrr@50 : 0.2255    mrr@100 : 0.2271    ndcg@10 : 0.0902    ndcg@20 : 0.1082    ndcg@50 : 0.1448    ndcg@100 : 0.1773    hit@10 : 0.4519    hit@20 : 0.5895    hit@50 : 0.7755    hit@100 : 0.8875    precision@10 : 0.076    precision@20 : 0.0597    precision@50 : 0.0413    precision@100 : 0.03
Wed 26 Nov 2025 02:45:43 INFO  Saving current: /scratch/jd5316/Capstone/Capstone/models/lightgcn_base/LightGCN-Nov-26-2025_02-23-41.pth
Wed 26 Nov 2025 02:45:48 INFO  epoch 98 training [time: 4.59s, train loss: 11.9402]
Wed 26 Nov 2025 02:45:56 INFO  epoch 98 evaluating [time: 8.18s, valid_score: 0.210300]
Wed 26 Nov 2025 02:45:56 INFO  valid result: 
recall@10 : 0.0769    recall@20 : 0.1206    recall@50 : 0.2063    recall@100 : 0.2976    mrr@10 : 0.2103    mrr@20 : 0.2198    mrr@50 : 0.2258    mrr@100 : 0.2275    ndcg@10 : 0.0903    ndcg@20 : 0.1085    ndcg@50 : 0.1452    ndcg@100 : 0.1776    hit@10 : 0.4528    hit@20 : 0.5905    hit@50 : 0.7759    hit@100 : 0.8881    precision@10 : 0.076    precision@20 : 0.0599    precision@50 : 0.0414    precision@100 : 0.03
Wed 26 Nov 2025 02:45:56 INFO  Saving current: /scratch/jd5316/Capstone/Capstone/models/lightgcn_base/LightGCN-Nov-26-2025_02-23-41.pth
Wed 26 Nov 2025 02:46:00 INFO  epoch 99 training [time: 4.59s, train loss: 11.7827]
Wed 26 Nov 2025 02:46:09 INFO  epoch 99 evaluating [time: 8.22s, valid_score: 0.211300]
Wed 26 Nov 2025 02:46:09 INFO  valid result: 
recall@10 : 0.077    recall@20 : 0.1209    recall@50 : 0.2069    recall@100 : 0.2982    mrr@10 : 0.2113    mrr@20 : 0.2209    mrr@50 : 0.2269    mrr@100 : 0.2285    ndcg@10 : 0.0906    ndcg@20 : 0.109    ndcg@50 : 0.1458    ndcg@100 : 0.1782    hit@10 : 0.4535    hit@20 : 0.5931    hit@50 : 0.7794    hit@100 : 0.8884    precision@10 : 0.0762    precision@20 : 0.0601    precision@50 : 0.0416    precision@100 : 0.0301
Wed 26 Nov 2025 02:46:09 INFO  Saving current: /scratch/jd5316/Capstone/Capstone/models/lightgcn_base/LightGCN-Nov-26-2025_02-23-41.pth
Wed 26 Nov 2025 02:46:09 INFO  Loading model structure and parameters from /scratch/jd5316/Capstone/Capstone/models/lightgcn_base/LightGCN-Nov-26-2025_02-23-41.pth
Wed 26 Nov 2025 02:46:18 INFO  The running environment of this training is as follows:
+-------------+-----------------+
| Environment |      Usage      |
+=============+=================+
| CPU         |     17.70 %     |
+-------------+-----------------+
| GPU         | 0.23 G/44.48 G  |
+-------------+-----------------+
| Memory      | 1.52 G/377.07 G |
+-------------+-----------------+
Wed 26 Nov 2025 02:46:18 INFO  best valid : OrderedDict([('recall@10', 0.077), ('recall@20', 0.1209), ('recall@50', 0.2069), ('recall@100', 0.2982), ('mrr@10', 0.2113), ('mrr@20', 0.2209), ('mrr@50', 0.2269), ('mrr@100', 0.2285), ('ndcg@10', 0.0906), ('ndcg@20', 0.109), ('ndcg@50', 0.1458), ('ndcg@100', 0.1782), ('hit@10', 0.4535), ('hit@20', 0.5931), ('hit@50', 0.7794), ('hit@100', 0.8884), ('precision@10', 0.0762), ('precision@20', 0.0601), ('precision@50', 0.0416), ('precision@100', 0.0301)])
Wed 26 Nov 2025 02:46:18 INFO  test result: OrderedDict([('recall@10', 0.0864), ('recall@20', 0.1302), ('recall@50', 0.2151), ('recall@100', 0.3069), ('mrr@10', 0.2455), ('mrr@20', 0.2548), ('mrr@50', 0.2605), ('mrr@100', 0.262), ('ndcg@10', 0.1066), ('ndcg@20', 0.1238), ('ndcg@50', 0.1602), ('ndcg@100', 0.1927), ('hit@10', 0.4804), ('hit@20', 0.6159), ('hit@50', 0.7911), ('hit@100', 0.8939), ('precision@10', 0.0859), ('precision@20', 0.0651), ('precision@50', 0.0434), ('precision@100', 0.031)])
